#
# There is insufficient memory for the Java Runtime Environment to continue.
# Native memory allocation (malloc) failed to allocate 1444096 bytes for Chunk::new
# Possible reasons:
#   The system is out of physical RAM or swap space
#   The process is running with CompressedOops enabled, and the Java Heap may be blocking the growth of the native heap
# Possible solutions:
#   Reduce memory load on the system
#   Increase physical memory or swap space
#   Check if swap backing store is full
#   Decrease Java heap size (-Xmx/-Xms)
#   Decrease number of Java threads
#   Decrease Java thread stack sizes (-Xss)
#   Set larger code cache with -XX:ReservedCodeCacheSize=
#   JVM is running with Unscaled Compressed Oops mode in which the Java heap is
#     placed in the first 4GB address space. The Java Heap base address is the
#     maximum limit for the native heap growth. Please use -XX:HeapBaseMinAddress
#     to set the Java Heap base and to place the Java Heap above 4GB virtual address.
# This output file may be truncated or incomplete.
#
#  Out of Memory Error (arena.cpp:189), pid=2596, tid=24108
#
# JRE version: OpenJDK Runtime Environment Temurin-17.0.1+12 (17.0.1+12) (build 17.0.1+12)
# Java VM: OpenJDK 64-Bit Server VM Temurin-17.0.1+12 (17.0.1+12, mixed mode, tiered, compressed oops, compressed class ptrs, parallel gc, windows-amd64)
# No core dump will be written. Minidumps are not enabled by default on client versions of Windows
#

---------------  S U M M A R Y ------------

Command Line: --add-modules=ALL-SYSTEM --add-opens=java.base/java.util=ALL-UNNAMED --add-opens=java.base/java.lang=ALL-UNNAMED -Declipse.application=org.eclipse.jdt.ls.core.id1 -Dosgi.bundles.defaultStartLevel=4 -Declipse.product=org.eclipse.jdt.ls.core.product -Djava.import.generatesMetadataFilesAtProjectRoot=false -Dfile.encoding=utf8 -DwatchParentProcess=false -XX:+UseParallelGC -XX:GCTimeRatio=4 -XX:AdaptiveSizePolicyWeight=90 -Dsun.zip.disableMemoryMapping=true -Xmx1G -Xms100m -XX:+HeapDumpOnOutOfMemoryError -XX:HeapDumpPath=c:\Users\Arjun\AppData\Roaming\Code\User\workspaceStorage\aafd1f019712dd6e346a609919cd7ed3\redhat.java c:\Users\Arjun\.vscode\extensions\redhat.java-1.2.0\server\plugins\org.eclipse.equinox.launcher_1.6.400.v20210924-0641.jar -configuration c:\Users\Arjun\AppData\Roaming\Code\User\globalStorage\redhat.java\1.2.0\config_win -data c:\Users\Arjun\AppData\Roaming\Code\User\workspaceStorage\aafd1f019712dd6e346a609919cd7ed3\redhat.java\jdt_ws

Host: AMD Ryzen 7 PRO 3700U w/ Radeon Vega Mobile Gfx, 8 cores, 5G,  Windows 10 , 64 bit Build 22000 (10.0.22000.318)
Time: Sat Jan  1 22:36:39 2022 Central Standard Time elapsed time: 119.823348 seconds (0d 0h 1m 59s)

---------------  T H R E A D  ---------------

Current thread (0x00000242ee960570):  JavaThread "C2 CompilerThread0" daemon [_thread_in_native, id=24108, stack(0x0000006dbd100000,0x0000006dbd200000)]


Current CompileTask:
C2: 119823 5704   !   4       java.nio.file.FileTreeWalker::next (144 bytes)

Stack: [0x0000006dbd100000,0x0000006dbd200000]
Native frames: (J=compiled Java code, j=interpreted, Vv=VM code, C=native code)
V  [jvm.dll+0x6744da]
V  [jvm.dll+0x82e144]
V  [jvm.dll+0x82f8ee]
V  [jvm.dll+0x82ff53]
V  [jvm.dll+0x245175]
V  [jvm.dll+0xab85b]
V  [jvm.dll+0xabdec]
V  [jvm.dll+0x362f07]
V  [jvm.dll+0x32d4c1]
V  [jvm.dll+0x32c96a]
V  [jvm.dll+0x218031]
V  [jvm.dll+0x217451]
V  [jvm.dll+0x1a355d]
V  [jvm.dll+0x226e38]
V  [jvm.dll+0x224f7c]
V  [jvm.dll+0x7e3f5b]
V  [jvm.dll+0x7de51a]
V  [jvm.dll+0x673305]
C  [ucrtbase.dll+0x26c0c]
C  [KERNEL32.DLL+0x154e0]
C  [ntdll.dll+0x485b]


---------------  P R O C E S S  ---------------

Threads class SMR info:
_java_thread_list=0x00000242f34b92f0, length=25, elements={
0x00000242d8ff67c0, 0x00000242ece66030, 0x00000242ece66cb0, 0x00000242ee936650,
0x00000242ece6e0f0, 0x00000242ece6e9b0, 0x00000242ee95ebd0, 0x00000242ee960570,
0x00000242ee9672c0, 0x00000242ee968360, 0x00000242ee9a6a40, 0x00000242eeb50fc0,
0x00000242efc984b0, 0x00000242ef974bd0, 0x00000242ef977840, 0x00000242eec055a0,
0x00000242eff0c660, 0x00000242eff62210, 0x00000242ef9c1d60, 0x00000242ef9c2bd0,
0x00000242ef9c3f10, 0x00000242ef9c13c0, 0x00000242ef9c0ef0, 0x00000242ef9c2700,
0x00000242ef9c43e0
}

Java Threads: ( => current thread )
  0x00000242d8ff67c0 JavaThread "main" [_thread_blocked, id=20724, stack(0x0000006dbc800000,0x0000006dbc900000)]
  0x00000242ece66030 JavaThread "Reference Handler" daemon [_thread_blocked, id=20508, stack(0x0000006dbcb00000,0x0000006dbcc00000)]
  0x00000242ece66cb0 JavaThread "Finalizer" daemon [_thread_blocked, id=17568, stack(0x0000006dbcc00000,0x0000006dbcd00000)]
  0x00000242ee936650 JavaThread "Signal Dispatcher" daemon [_thread_blocked, id=8088, stack(0x0000006dbcd00000,0x0000006dbce00000)]
  0x00000242ece6e0f0 JavaThread "Attach Listener" daemon [_thread_blocked, id=23252, stack(0x0000006dbce00000,0x0000006dbcf00000)]
  0x00000242ece6e9b0 JavaThread "Service Thread" daemon [_thread_blocked, id=728, stack(0x0000006dbcf00000,0x0000006dbd000000)]
  0x00000242ee95ebd0 JavaThread "Monitor Deflation Thread" daemon [_thread_blocked, id=8636, stack(0x0000006dbd000000,0x0000006dbd100000)]
=>0x00000242ee960570 JavaThread "C2 CompilerThread0" daemon [_thread_in_native, id=24108, stack(0x0000006dbd100000,0x0000006dbd200000)]
  0x00000242ee9672c0 JavaThread "C1 CompilerThread0" daemon [_thread_blocked, id=9952, stack(0x0000006dbd200000,0x0000006dbd300000)]
  0x00000242ee968360 JavaThread "Sweeper thread" daemon [_thread_blocked, id=4444, stack(0x0000006dbd300000,0x0000006dbd400000)]
  0x00000242ee9a6a40 JavaThread "Common-Cleaner" daemon [_thread_blocked, id=22876, stack(0x0000006dbd400000,0x0000006dbd500000)]
  0x00000242eeb50fc0 JavaThread "Notification Thread" daemon [_thread_blocked, id=16256, stack(0x0000006dbd500000,0x0000006dbd600000)]
  0x00000242efc984b0 JavaThread "Active Thread: Equinox Container: 6aaa49a7-0221-43c2-933e-c10d1a20df07" [_thread_blocked, id=8328, stack(0x0000006dbd700000,0x0000006dbd800000)]
  0x00000242ef974bd0 JavaThread "Framework Event Dispatcher: Equinox Container: 6aaa49a7-0221-43c2-933e-c10d1a20df07" daemon [_thread_blocked, id=3300, stack(0x0000006dbd800000,0x0000006dbd900000)]
  0x00000242ef977840 JavaThread "Start Level: Equinox Container: 6aaa49a7-0221-43c2-933e-c10d1a20df07" daemon [_thread_blocked, id=19472, stack(0x0000006dbd900000,0x0000006dbda00000)]
  0x00000242eec055a0 JavaThread "SCR Component Actor" daemon [_thread_blocked, id=17892, stack(0x0000006dbe000000,0x0000006dbe100000)]
  0x00000242eff0c660 JavaThread "Bundle File Closer" daemon [_thread_blocked, id=1736, stack(0x0000006dbe200000,0x0000006dbe300000)]
  0x00000242eff62210 JavaThread "Worker-JM" [_thread_blocked, id=21888, stack(0x0000006dbe300000,0x0000006dbe400000)]
  0x00000242ef9c1d60 JavaThread "Worker-0" [_thread_blocked, id=17344, stack(0x0000006dbe400000,0x0000006dbe500000)]
  0x00000242ef9c2bd0 JavaThread "Worker-1" [_thread_blocked, id=18560, stack(0x0000006dbe500000,0x0000006dbe600000)]
  0x00000242ef9c3f10 JavaThread "Java indexing" daemon [_thread_in_Java, id=23944, stack(0x0000006dbe700000,0x0000006dbe800000)]
  0x00000242ef9c13c0 JavaThread "Worker-2" [_thread_blocked, id=20596, stack(0x0000006dbe100000,0x0000006dbe200000)]
  0x00000242ef9c0ef0 JavaThread "pool-2-thread-1" [_thread_blocked, id=23200, stack(0x0000006dbe800000,0x0000006dbe900000)]
  0x00000242ef9c2700 JavaThread "Worker-3: Java indexing... " [_thread_blocked, id=7624, stack(0x0000006dbe900000,0x0000006dbea00000)]
  0x00000242ef9c43e0 JavaThread "Worker-4: Initialize Workspace" [_thread_in_native, id=25108, stack(0x0000006dbea00000,0x0000006dbeb00000)]

Other Threads:
  0x00000242ece51030 VMThread "VM Thread" [stack: 0x0000006dbca00000,0x0000006dbcb00000] [id=1360]
  0x00000242eeb51490 WatcherThread [stack: 0x0000006dbd600000,0x0000006dbd700000] [id=14244]
  0x00000242d900c100 GCTaskThread "GC Thread#0" [stack: 0x0000006dbc900000,0x0000006dbca00000] [id=23884]
  0x00000242efaff4c0 GCTaskThread "GC Thread#1" [stack: 0x0000006dbda00000,0x0000006dbdb00000] [id=1676]
  0x00000242eeb070f0 GCTaskThread "GC Thread#2" [stack: 0x0000006dbdb00000,0x0000006dbdc00000] [id=21300]
  0x00000242eeb073a0 GCTaskThread "GC Thread#3" [stack: 0x0000006dbdc00000,0x0000006dbdd00000] [id=25328]
  0x00000242ef95ae90 GCTaskThread "GC Thread#4" [stack: 0x0000006dbdd00000,0x0000006dbde00000] [id=21840]
  0x00000242ef95b140 GCTaskThread "GC Thread#5" [stack: 0x0000006dbde00000,0x0000006dbdf00000] [id=13392]
  0x00000242ef95b3f0 GCTaskThread "GC Thread#6" [stack: 0x0000006dbdf00000,0x0000006dbe000000] [id=8148]
  0x00000242eea56dc0 GCTaskThread "GC Thread#7" [stack: 0x0000006dbe600000,0x0000006dbe700000] [id=21864]

Threads with active compile tasks:
C2 CompilerThread0   119915 5704   !   4       java.nio.file.FileTreeWalker::next (144 bytes)

VM state: not at safepoint (normal execution)

VM Mutex/Monitor currently owned by a thread: None

Heap address: 0x00000000c0000000, size: 1024 MB, Compressed Oops mode: 32-bit

CDS archive(s) not mapped
Compressed class space mapped at: 0x0000000100000000-0x0000000140000000, reserved size: 1073741824
Narrow klass base: 0x0000000000000000, Narrow klass shift: 3, Narrow klass range: 0x140000000

GC Precious Log:
 CPUs: 8 total, 8 available
 Memory: 6077M
 Large Page Support: Disabled
 NUMA Support: Disabled
 Compressed Oops: Enabled (32-bit)
 Alignments: Space 512K, Generation 512K, Heap 2M
 Heap Min Capacity: 100M
 Heap Initial Capacity: 100M
 Heap Max Capacity: 1G
 Pre-touch: Disabled
 Parallel Workers: 8

Heap:
 PSYoungGen      total 12288K, used 8210K [0x00000000eab00000, 0x00000000ebd00000, 0x0000000100000000)
  eden space 8704K, 57% used [0x00000000eab00000,0x00000000eafe90d8,0x00000000eb380000)
  from space 3584K, 88% used [0x00000000eb980000,0x00000000ebc9b9f8,0x00000000ebd00000)
  to   space 4096K, 0% used [0x00000000eb500000,0x00000000eb500000,0x00000000eb900000)
 ParOldGen       total 699392K, used 243424K [0x00000000c0000000, 0x00000000eab00000, 0x00000000eab00000)
  object space 699392K, 34% used [0x00000000c0000000,0x00000000cedb8260,0x00000000eab00000)
 Metaspace       used 50777K, committed 51520K, reserved 1097728K
  class space    used 5609K, committed 5952K, reserved 1048576K

Card table byte_map: [0x00000242d89a0000,0x00000242d8bb0000] _byte_map_base: 0x00000242d83a0000

Marking Bits: (ParMarkBitMap*) 0x00007ffb74942a60
 Begin Bits: [0x00000242eac70000, 0x00000242ebc70000)
 End Bits:   [0x00000242ebc70000, 0x00000242ecc70000)

Polling page: 0x00000242d6f80000

Metaspace:

Usage:
  Non-class:     44.11 MB used.
      Class:      5.48 MB used.
       Both:     49.59 MB used.

Virtual space:
  Non-class space:       48.00 MB reserved,      44.50 MB ( 93%) committed,  6 nodes.
      Class space:        1.00 GB reserved,       5.81 MB ( <1%) committed,  1 nodes.
             Both:        1.05 GB reserved,      50.31 MB (  5%) committed. 

Chunk freelists:
   Non-Class:  3.14 MB
       Class:  2.20 MB
        Both:  5.34 MB

MaxMetaspaceSize: unlimited
CompressedClassSpaceSize: 1.00 GB
Initial GC threshold: 21.00 MB
Current GC threshold: 83.88 MB
CDS: off
MetaspaceReclaimPolicy: balanced
 - commit_granule_bytes: 65536.
 - commit_granule_words: 8192.
 - virtual_space_node_default_size: 1048576.
 - enlarge_chunks_in_place: 1.
 - new_chunks_are_fully_committed: 0.
 - uncommit_free_chunks: 1.
 - use_allocation_guard: 0.
 - handle_deallocations: 1.


Internal statistics:

num_allocs_failed_limit: 6.
num_arena_births: 302.
num_arena_deaths: 0.
num_vsnodes_births: 7.
num_vsnodes_deaths: 0.
num_space_committed: 805.
num_space_uncommitted: 0.
num_chunks_returned_to_freelist: 6.
num_chunks_taken_from_freelist: 1974.
num_chunk_merges: 6.
num_chunk_splits: 1277.
num_chunks_enlarged: 784.
num_purges: 0.
num_inconsistent_stats: 0.

CodeHeap 'non-profiled nmethods': size=120000Kb used=2459Kb max_used=2689Kb free=117540Kb
 bounds [0x00000242e3740000, 0x00000242e39f0000, 0x00000242eac70000]
CodeHeap 'profiled nmethods': size=120000Kb used=9200Kb max_used=11412Kb free=110799Kb
 bounds [0x00000242dc210000, 0x00000242dcd40000, 0x00000242e3740000]
CodeHeap 'non-nmethods': size=5760Kb used=1315Kb max_used=1376Kb free=4445Kb
 bounds [0x00000242dbc70000, 0x00000242dbee0000, 0x00000242dc210000]
 total_blobs=5454 nmethods=4817 adapters=549
 compilation: enabled
              stopped_count=0, restarted_count=0
 full_count=0

Compilation events (20 events):
Event: 48.118 Thread 0x00000242ee9672c0 nmethod 5695 0x00000242dc3d5990 code [0x00000242dc3d5b80, 0x00000242dc3d61c8]
Event: 55.177 Thread 0x00000242ee9672c0 5696  s    3       java.lang.StringBuffer::toString (59 bytes)
Event: 55.178 Thread 0x00000242ee9672c0 nmethod 5696 0x00000242dc365490 code [0x00000242dc365680, 0x00000242dc365c18]
Event: 60.921 Thread 0x00000242ee960570 5697       4       java.util.RegularEnumSet::contains (57 bytes)
Event: 60.922 Thread 0x00000242ee960570 nmethod 5697 0x00000242e386dd90 code [0x00000242e386df00, 0x00000242e386e018]
Event: 63.357 Thread 0x00000242ee960570 5698       4       java.util.Collection::stream (11 bytes)
Event: 63.526 Thread 0x00000242ee960570 nmethod 5698 0x00000242e384b610 code [0x00000242e384b7a0, 0x00000242e384ba18]
Event: 72.460 Thread 0x00000242ee960570 5699       4       java.util.ArrayList::toArray (57 bytes)
Event: 72.465 Thread 0x00000242ee960570 nmethod 5699 0x00000242e3766590 code [0x00000242e3766720, 0x00000242e3766b98]
Event: 75.644 Thread 0x00000242ee960570 5700       4       java.util.HashMap$HashIterator::<init> (79 bytes)
Event: 75.910 Thread 0x00000242ee960570 nmethod 5700 0x00000242e37f9290 code [0x00000242e37f9420, 0x00000242e37f96f8]
Event: 90.524 Thread 0x00000242ee960570 5701       4       org.eclipse.core.runtime.jobs.Job::getState (5 bytes)
Event: 90.526 Thread 0x00000242ee960570 nmethod 5701 0x00000242e37f8f90 code [0x00000242e37f9100, 0x00000242e37f91d8]
Event: 109.899 Thread 0x00000242ee9672c0 5702       3       java.text.MessageFormat::applyPattern (422 bytes)
Event: 110.999 Thread 0x00000242ee9672c0 nmethod 5702 0x00000242dc27d590 code [0x00000242dc27da40, 0x00000242dc280668]
Event: 119.065 Thread 0x00000242ee960570 5704   !   4       java.nio.file.FileTreeWalker::next (144 bytes)
Event: 119.067 Thread 0x00000242ee9672c0 5706       3       sun.nio.fs.WindowsDirectoryStream$WindowsDirectoryIterator::next (5 bytes)
Event: 119.068 Thread 0x00000242ee9672c0 nmethod 5706 0x00000242dc21d810 code [0x00000242dc21d9a0, 0x00000242dc21dae8]
Event: 119.136 Thread 0x00000242ee9672c0 5712   !   3       java.nio.channels.spi.AbstractInterruptibleChannel::close (37 bytes)
Event: 119.138 Thread 0x00000242ee9672c0 nmethod 5712 0x00000242dc22b010 code [0x00000242dc22b1c0, 0x00000242dc22b508]

GC Heap History (20 events):
Event: 117.772 GC heap after
{Heap after GC invocations=639 (full 514):
 PSYoungGen      total 9728K, used 7167K [0x00000000eab00000, 0x00000000eb780000, 0x0000000100000000)
  eden space 7168K, 99% used [0x00000000eab00000,0x00000000eb1ffff0,0x00000000eb200000)
  from space 2560K, 0% used [0x00000000eb480000,0x00000000eb480000,0x00000000eb700000)
  to   space 2560K, 0% used [0x00000000eb200000,0x00000000eb200000,0x00000000eb480000)
 ParOldGen       total 231936K, used 231696K [0x00000000c0000000, 0x00000000ce280000, 0x00000000eab00000)
  object space 231936K, 99% used [0x00000000c0000000,0x00000000ce2441b0,0x00000000ce280000)
 Metaspace       used 50776K, committed 51520K, reserved 1097728K
  class space    used 5609K, committed 5952K, reserved 1048576K
}
Event: 117.772 GC heap before
{Heap before GC invocations=640 (full 515):
 PSYoungGen      total 9728K, used 7168K [0x00000000eab00000, 0x00000000eb780000, 0x0000000100000000)
  eden space 7168K, 100% used [0x00000000eab00000,0x00000000eb200000,0x00000000eb200000)
  from space 2560K, 0% used [0x00000000eb480000,0x00000000eb480000,0x00000000eb700000)
  to   space 2560K, 0% used [0x00000000eb200000,0x00000000eb200000,0x00000000eb480000)
 ParOldGen       total 231936K, used 231699K [0x00000000c0000000, 0x00000000ce280000, 0x00000000eab00000)
  object space 231936K, 99% used [0x00000000c0000000,0x00000000ce244e28,0x00000000ce280000)
 Metaspace       used 50776K, committed 51520K, reserved 1097728K
  class space    used 5609K, committed 5952K, reserved 1048576K
}
Event: 117.970 GC heap after
{Heap after GC invocations=640 (full 515):
 PSYoungGen      total 9728K, used 7167K [0x00000000eab00000, 0x00000000eb780000, 0x0000000100000000)
  eden space 7168K, 99% used [0x00000000eab00000,0x00000000eb1fff60,0x00000000eb200000)
  from space 2560K, 0% used [0x00000000eb200000,0x00000000eb200000,0x00000000eb480000)
  to   space 2560K, 0% used [0x00000000eb480000,0x00000000eb480000,0x00000000eb700000)
 ParOldGen       total 231936K, used 231696K [0x00000000c0000000, 0x00000000ce280000, 0x00000000eab00000)
  object space 231936K, 99% used [0x00000000c0000000,0x00000000ce244240,0x00000000ce280000)
 Metaspace       used 50776K, committed 51520K, reserved 1097728K
  class space    used 5609K, committed 5952K, reserved 1048576K
}
Event: 117.997 GC heap before
{Heap before GC invocations=641 (full 516):
 PSYoungGen      total 9728K, used 7167K [0x00000000eab00000, 0x00000000eb780000, 0x0000000100000000)
  eden space 7168K, 99% used [0x00000000eab00000,0x00000000eb1ffff8,0x00000000eb200000)
  from space 2560K, 0% used [0x00000000eb200000,0x00000000eb200000,0x00000000eb480000)
  to   space 2560K, 0% used [0x00000000eb480000,0x00000000eb480000,0x00000000eb700000)
 ParOldGen       total 231936K, used 231696K [0x00000000c0000000, 0x00000000ce280000, 0x00000000eab00000)
  object space 231936K, 99% used [0x00000000c0000000,0x00000000ce244240,0x00000000ce280000)
 Metaspace       used 50776K, committed 51520K, reserved 1097728K
  class space    used 5609K, committed 5952K, reserved 1048576K
}
Event: 118.151 GC heap after
{Heap after GC invocations=641 (full 516):
 PSYoungGen      total 9728K, used 7167K [0x00000000eab00000, 0x00000000eb780000, 0x0000000100000000)
  eden space 7168K, 99% used [0x00000000eab00000,0x00000000eb1fffd0,0x00000000eb200000)
  from space 2560K, 0% used [0x00000000eb480000,0x00000000eb480000,0x00000000eb700000)
  to   space 2560K, 0% used [0x00000000eb200000,0x00000000eb200000,0x00000000eb480000)
 ParOldGen       total 231936K, used 231696K [0x00000000c0000000, 0x00000000ce280000, 0x00000000eab00000)
  object space 231936K, 99% used [0x00000000c0000000,0x00000000ce244240,0x00000000ce280000)
 Metaspace       used 50776K, committed 51520K, reserved 1097728K
  class space    used 5609K, committed 5952K, reserved 1048576K
}
Event: 118.151 GC heap before
{Heap before GC invocations=642 (full 517):
 PSYoungGen      total 9728K, used 7168K [0x00000000eab00000, 0x00000000eb780000, 0x0000000100000000)
  eden space 7168K, 100% used [0x00000000eab00000,0x00000000eb200000,0x00000000eb200000)
  from space 2560K, 0% used [0x00000000eb480000,0x00000000eb480000,0x00000000eb700000)
  to   space 2560K, 0% used [0x00000000eb200000,0x00000000eb200000,0x00000000eb480000)
 ParOldGen       total 231936K, used 231696K [0x00000000c0000000, 0x00000000ce280000, 0x00000000eab00000)
  object space 231936K, 99% used [0x00000000c0000000,0x00000000ce244240,0x00000000ce280000)
 Metaspace       used 50776K, committed 51520K, reserved 1097728K
  class space    used 5609K, committed 5952K, reserved 1048576K
}
Event: 118.324 GC heap after
{Heap after GC invocations=642 (full 517):
 PSYoungGen      total 9728K, used 7168K [0x00000000eab00000, 0x00000000eb780000, 0x0000000100000000)
  eden space 7168K, 100% used [0x00000000eab00000,0x00000000eb200000,0x00000000eb200000)
  from space 2560K, 0% used [0x00000000eb200000,0x00000000eb200000,0x00000000eb480000)
  to   space 2560K, 0% used [0x00000000eb480000,0x00000000eb480000,0x00000000eb700000)
 ParOldGen       total 231936K, used 231696K [0x00000000c0000000, 0x00000000ce280000, 0x00000000eab00000)
  object space 231936K, 99% used [0x00000000c0000000,0x00000000ce244240,0x00000000ce280000)
 Metaspace       used 50776K, committed 51520K, reserved 1097728K
  class space    used 5609K, committed 5952K, reserved 1048576K
}
Event: 118.326 GC heap before
{Heap before GC invocations=643 (full 518):
 PSYoungGen      total 9728K, used 7168K [0x00000000eab00000, 0x00000000eb780000, 0x0000000100000000)
  eden space 7168K, 100% used [0x00000000eab00000,0x00000000eb200000,0x00000000eb200000)
  from space 2560K, 0% used [0x00000000eb200000,0x00000000eb200000,0x00000000eb480000)
  to   space 2560K, 0% used [0x00000000eb480000,0x00000000eb480000,0x00000000eb700000)
 ParOldGen       total 231936K, used 231699K [0x00000000c0000000, 0x00000000ce280000, 0x00000000eab00000)
  object space 231936K, 99% used [0x00000000c0000000,0x00000000ce244d00,0x00000000ce280000)
 Metaspace       used 50776K, committed 51520K, reserved 1097728K
  class space    used 5609K, committed 5952K, reserved 1048576K
}
Event: 118.533 GC heap after
{Heap after GC invocations=643 (full 518):
 PSYoungGen      total 9728K, used 7167K [0x00000000eab00000, 0x00000000eb780000, 0x0000000100000000)
  eden space 7168K, 99% used [0x00000000eab00000,0x00000000eb1fff60,0x00000000eb200000)
  from space 2560K, 0% used [0x00000000eb480000,0x00000000eb480000,0x00000000eb700000)
  to   space 2560K, 0% used [0x00000000eb200000,0x00000000eb200000,0x00000000eb480000)
 ParOldGen       total 231936K, used 231696K [0x00000000c0000000, 0x00000000ce280000, 0x00000000eab00000)
  object space 231936K, 99% used [0x00000000c0000000,0x00000000ce2440c8,0x00000000ce280000)
 Metaspace       used 50776K, committed 51520K, reserved 1097728K
  class space    used 5609K, committed 5952K, reserved 1048576K
}
Event: 118.543 GC heap before
{Heap before GC invocations=644 (full 519):
 PSYoungGen      total 9728K, used 7168K [0x00000000eab00000, 0x00000000eb780000, 0x0000000100000000)
  eden space 7168K, 100% used [0x00000000eab00000,0x00000000eb200000,0x00000000eb200000)
  from space 2560K, 0% used [0x00000000eb480000,0x00000000eb480000,0x00000000eb700000)
  to   space 2560K, 0% used [0x00000000eb200000,0x00000000eb200000,0x00000000eb480000)
 ParOldGen       total 231936K, used 231696K [0x00000000c0000000, 0x00000000ce280000, 0x00000000eab00000)
  object space 231936K, 99% used [0x00000000c0000000,0x00000000ce2440c8,0x00000000ce280000)
 Metaspace       used 50776K, committed 51520K, reserved 1097728K
  class space    used 5609K, committed 5952K, reserved 1048576K
}
Event: 118.732 GC heap after
{Heap after GC invocations=644 (full 519):
 PSYoungGen      total 9728K, used 7167K [0x00000000eab00000, 0x00000000eb780000, 0x0000000100000000)
  eden space 7168K, 99% used [0x00000000eab00000,0x00000000eb1fffd8,0x00000000eb200000)
  from space 2560K, 0% used [0x00000000eb200000,0x00000000eb200000,0x00000000eb480000)
  to   space 2560K, 0% used [0x00000000eb480000,0x00000000eb480000,0x00000000eb700000)
 ParOldGen       total 231936K, used 231696K [0x00000000c0000000, 0x00000000ce280000, 0x00000000eab00000)
  object space 231936K, 99% used [0x00000000c0000000,0x00000000ce2440c8,0x00000000ce280000)
 Metaspace       used 50776K, committed 51520K, reserved 1097728K
  class space    used 5609K, committed 5952K, reserved 1048576K
}
Event: 118.732 GC heap before
{Heap before GC invocations=645 (full 520):
 PSYoungGen      total 9728K, used 7167K [0x00000000eab00000, 0x00000000eb780000, 0x0000000100000000)
  eden space 7168K, 99% used [0x00000000eab00000,0x00000000eb1ffff0,0x00000000eb200000)
  from space 2560K, 0% used [0x00000000eb200000,0x00000000eb200000,0x00000000eb480000)
  to   space 2560K, 0% used [0x00000000eb480000,0x00000000eb480000,0x00000000eb700000)
 ParOldGen       total 231936K, used 231696K [0x00000000c0000000, 0x00000000ce280000, 0x00000000eab00000)
  object space 231936K, 99% used [0x00000000c0000000,0x00000000ce2440c8,0x00000000ce280000)
 Metaspace       used 50776K, committed 51520K, reserved 1097728K
  class space    used 5609K, committed 5952K, reserved 1048576K
}
Event: 118.937 GC heap after
{Heap after GC invocations=645 (full 520):
 PSYoungGen      total 9728K, used 7167K [0x00000000eab00000, 0x00000000eb780000, 0x0000000100000000)
  eden space 7168K, 99% used [0x00000000eab00000,0x00000000eb1ffff0,0x00000000eb200000)
  from space 2560K, 0% used [0x00000000eb480000,0x00000000eb480000,0x00000000eb700000)
  to   space 2560K, 0% used [0x00000000eb200000,0x00000000eb200000,0x00000000eb480000)
 ParOldGen       total 699392K, used 231696K [0x00000000c0000000, 0x00000000eab00000, 0x00000000eab00000)
  object space 699392K, 33% used [0x00000000c0000000,0x00000000ce2440c8,0x00000000eab00000)
 Metaspace       used 50776K, committed 51520K, reserved 1097728K
  class space    used 5609K, committed 5952K, reserved 1048576K
}
Event: 118.938 GC heap before
{Heap before GC invocations=646 (full 520):
 PSYoungGen      total 9728K, used 7168K [0x00000000eab00000, 0x00000000eb780000, 0x0000000100000000)
  eden space 7168K, 100% used [0x00000000eab00000,0x00000000eb200000,0x00000000eb200000)
  from space 2560K, 0% used [0x00000000eb480000,0x00000000eb480000,0x00000000eb700000)
  to   space 2560K, 0% used [0x00000000eb200000,0x00000000eb200000,0x00000000eb480000)
 ParOldGen       total 699392K, used 231700K [0x00000000c0000000, 0x00000000eab00000, 0x00000000eab00000)
  object space 699392K, 33% used [0x00000000c0000000,0x00000000ce245100,0x00000000eab00000)
 Metaspace       used 50776K, committed 51520K, reserved 1097728K
  class space    used 5609K, committed 5952K, reserved 1048576K
}
Event: 119.036 GC heap after
{Heap after GC invocations=646 (full 520):
 PSYoungGen      total 9728K, used 2544K [0x00000000eab00000, 0x00000000ec380000, 0x0000000100000000)
  eden space 7168K, 0% used [0x00000000eab00000,0x00000000eab00000,0x00000000eb200000)
  from space 2560K, 99% used [0x00000000eb200000,0x00000000eb47c218,0x00000000eb480000)
  to   space 8704K, 0% used [0x00000000ebb00000,0x00000000ebb00000,0x00000000ec380000)
 ParOldGen       total 699392K, used 236517K [0x00000000c0000000, 0x00000000eab00000, 0x00000000eab00000)
  object space 699392K, 33% used [0x00000000c0000000,0x00000000ce6f94d8,0x00000000eab00000)
 Metaspace       used 50776K, committed 51520K, reserved 1097728K
  class space    used 5609K, committed 5952K, reserved 1048576K
}
Event: 119.116 GC heap before
{Heap before GC invocations=647 (full 520):
 PSYoungGen      total 9728K, used 9712K [0x00000000eab00000, 0x00000000ec380000, 0x0000000100000000)
  eden space 7168K, 99% used [0x00000000eab00000,0x00000000eb1fffd0,0x00000000eb200000)
  from space 2560K, 99% used [0x00000000eb200000,0x00000000eb47c218,0x00000000eb480000)
  to   space 8704K, 0% used [0x00000000ebb00000,0x00000000ebb00000,0x00000000ec380000)
 ParOldGen       total 699392K, used 236517K [0x00000000c0000000, 0x00000000eab00000, 0x00000000eab00000)
  object space 699392K, 33% used [0x00000000c0000000,0x00000000ce6f94d8,0x00000000eab00000)
 Metaspace       used 50776K, committed 51520K, reserved 1097728K
  class space    used 5609K, committed 5952K, reserved 1048576K
}
Event: 119.133 GC heap after
{Heap after GC invocations=647 (full 520):
 PSYoungGen      total 10240K, used 2180K [0x00000000eab00000, 0x00000000ebd80000, 0x0000000100000000)
  eden space 7680K, 0% used [0x00000000eab00000,0x00000000eab00000,0x00000000eb280000)
  from space 2560K, 85% used [0x00000000ebb00000,0x00000000ebd212c8,0x00000000ebd80000)
  to   space 4096K, 0% used [0x00000000eb580000,0x00000000eb580000,0x00000000eb980000)
 ParOldGen       total 699392K, used 239071K [0x00000000c0000000, 0x00000000eab00000, 0x00000000eab00000)
  object space 699392K, 34% used [0x00000000c0000000,0x00000000ce977f20,0x00000000eab00000)
 Metaspace       used 50776K, committed 51520K, reserved 1097728K
  class space    used 5609K, committed 5952K, reserved 1048576K
}
Event: 119.548 GC heap before
{Heap before GC invocations=648 (full 520):
 PSYoungGen      total 10240K, used 9860K [0x00000000eab00000, 0x00000000ebd80000, 0x0000000100000000)
  eden space 7680K, 99% used [0x00000000eab00000,0x00000000eb27ffc8,0x00000000eb280000)
  from space 2560K, 85% used [0x00000000ebb00000,0x00000000ebd212c8,0x00000000ebd80000)
  to   space 4096K, 0% used [0x00000000eb580000,0x00000000eb580000,0x00000000eb980000)
 ParOldGen       total 699392K, used 239071K [0x00000000c0000000, 0x00000000eab00000, 0x00000000eab00000)
  object space 699392K, 34% used [0x00000000c0000000,0x00000000ce977f20,0x00000000eab00000)
 Metaspace       used 50776K, committed 51520K, reserved 1097728K
  class space    used 5609K, committed 5952K, reserved 1048576K
}
Event: 119.553 GC heap after
{Heap after GC invocations=648 (full 520):
 PSYoungGen      total 12288K, used 4094K [0x00000000eab00000, 0x00000000ebd00000, 0x0000000100000000)
  eden space 8192K, 0% used [0x00000000eab00000,0x00000000eab00000,0x00000000eb300000)
  from space 4096K, 99% used [0x00000000eb580000,0x00000000eb97f8f0,0x00000000eb980000)
  to   space 3584K, 0% used [0x00000000eb980000,0x00000000eb980000,0x00000000ebd00000)
 ParOldGen       total 699392K, used 239488K [0x00000000c0000000, 0x00000000eab00000, 0x00000000eab00000)
  object space 699392K, 34% used [0x00000000c0000000,0x00000000ce9e02a8,0x00000000eab00000)
 Metaspace       used 50776K, committed 51520K, reserved 1097728K
  class space    used 5609K, committed 5952K, reserved 1048576K
}
Event: 119.802 GC heap before
{Heap before GC invocations=649 (full 520):
 PSYoungGen      total 12288K, used 12286K [0x00000000eab00000, 0x00000000ebd00000, 0x0000000100000000)
  eden space 8192K, 100% used [0x00000000eab00000,0x00000000eb300000,0x00000000eb300000)
  from space 4096K, 99% used [0x00000000eb580000,0x00000000eb97f8f0,0x00000000eb980000)
  to   space 3584K, 0% used [0x00000000eb980000,0x00000000eb980000,0x00000000ebd00000)
 ParOldGen       total 699392K, used 239488K [0x00000000c0000000, 0x00000000eab00000, 0x00000000eab00000)
  object space 699392K, 34% used [0x00000000c0000000,0x00000000ce9e02a8,0x00000000eab00000)
 Metaspace       used 50776K, committed 51520K, reserved 1097728K
  class space    used 5609K, committed 5952K, reserved 1048576K
}

Deoptimization events (20 events):
Event: 36.098 Thread 0x00000242ef9c43e0 Uncommon trap: trap_request=0xffffffbe fr.pc=0x00000242e38f7274 relative=0x0000000000001bb4
Event: 36.098 Thread 0x00000242ef9c43e0 Uncommon trap: reason=profile_predicate action=maybe_recompile pc=0x00000242e38f7274 method=java.nio.file.Files.walkFileTree(Ljava/nio/file/Path;Ljava/util/Set;ILjava/nio/file/FileVisitor;)Ljava/nio/file/Path; @ 19 c2
Event: 36.098 Thread 0x00000242ef9c43e0 DEOPT PACKING pc=0x00000242e38f7274 sp=0x0000006dbeaff170
Event: 36.098 Thread 0x00000242ef9c43e0 DEOPT UNPACKING pc=0x00000242dbcc20a3 sp=0x0000006dbeaff178 mode 2
Event: 36.248 Thread 0x00000242ef9c43e0 Uncommon trap: trap_request=0xffffffbe fr.pc=0x00000242e38f7274 relative=0x0000000000001bb4
Event: 36.248 Thread 0x00000242ef9c43e0 Uncommon trap: reason=profile_predicate action=maybe_recompile pc=0x00000242e38f7274 method=java.nio.file.Files.walkFileTree(Ljava/nio/file/Path;Ljava/util/Set;ILjava/nio/file/FileVisitor;)Ljava/nio/file/Path; @ 19 c2
Event: 36.248 Thread 0x00000242ef9c43e0 DEOPT PACKING pc=0x00000242e38f7274 sp=0x0000006dbeaff170
Event: 36.248 Thread 0x00000242ef9c43e0 DEOPT UNPACKING pc=0x00000242dbcc20a3 sp=0x0000006dbeaff178 mode 2
Event: 36.276 Thread 0x00000242ef9c43e0 Uncommon trap: trap_request=0xffffffbe fr.pc=0x00000242e38f7274 relative=0x0000000000001bb4
Event: 36.276 Thread 0x00000242ef9c43e0 Uncommon trap: reason=profile_predicate action=maybe_recompile pc=0x00000242e38f7274 method=java.nio.file.Files.walkFileTree(Ljava/nio/file/Path;Ljava/util/Set;ILjava/nio/file/FileVisitor;)Ljava/nio/file/Path; @ 19 c2
Event: 36.276 Thread 0x00000242ef9c43e0 DEOPT PACKING pc=0x00000242e38f7274 sp=0x0000006dbeaff170
Event: 36.276 Thread 0x00000242ef9c43e0 DEOPT UNPACKING pc=0x00000242dbcc20a3 sp=0x0000006dbeaff178 mode 2
Event: 39.045 Thread 0x00000242ef9c43e0 Uncommon trap: trap_request=0xfffffff4 fr.pc=0x00000242e39081f8 relative=0x00000000000057b8
Event: 39.045 Thread 0x00000242ef9c43e0 Uncommon trap: reason=null_check action=make_not_entrant pc=0x00000242e39081f8 method=sun.nio.fs.WindowsPath$WindowsPathWithAttributes.get()Ljava/nio/file/attribute/BasicFileAttributes; @ 7 c2
Event: 39.045 Thread 0x00000242ef9c43e0 DEOPT PACKING pc=0x00000242e39081f8 sp=0x0000006dbeaff090
Event: 39.045 Thread 0x00000242ef9c43e0 DEOPT UNPACKING pc=0x00000242dbcc20a3 sp=0x0000006dbeafef30 mode 2
Event: 72.927 Thread 0x00000242ef9c0ef0 Uncommon trap: trap_request=0xffffffcc fr.pc=0x00000242e3766920 relative=0x0000000000000200
Event: 72.927 Thread 0x00000242ef9c0ef0 Uncommon trap: reason=intrinsic_or_type_checked_inlining action=make_not_entrant pc=0x00000242e3766920 method=java.util.ArrayList.toArray([Ljava/lang/Object;)[Ljava/lang/Object; @ 36 c2
Event: 72.927 Thread 0x00000242ef9c0ef0 DEOPT PACKING pc=0x00000242e3766920 sp=0x0000006dbe8fe120
Event: 72.927 Thread 0x00000242ef9c0ef0 DEOPT UNPACKING pc=0x00000242dbcc20a3 sp=0x0000006dbe8fe0c0 mode 2

Classes unloaded (0 events):
No events

Classes redefined (0 events):
No events

Internal exceptions (20 events):
Event: 119.516 Thread 0x00000242ef9c43e0 Exception <a 'sun/nio/fs/WindowsException'{0x00000000eb231008}> (0x00000000eb231008) 
thrown [e:\jenkins\tmp\workspace\build\src\src\hotspot\share\prims\jni.cpp, line 516]
Event: 119.519 Thread 0x00000242ef9c43e0 Exception <a 'sun/nio/fs/WindowsException'{0x00000000eb235b10}> (0x00000000eb235b10) 
thrown [e:\jenkins\tmp\workspace\build\src\src\hotspot\share\prims\jni.cpp, line 516]
Event: 119.521 Thread 0x00000242ef9c43e0 Exception <a 'sun/nio/fs/WindowsException'{0x00000000eb23a4d8}> (0x00000000eb23a4d8) 
thrown [e:\jenkins\tmp\workspace\build\src\src\hotspot\share\prims\jni.cpp, line 516]
Event: 119.524 Thread 0x00000242ef9c43e0 Exception <a 'sun/nio/fs/WindowsException'{0x00000000eb23f330}> (0x00000000eb23f330) 
thrown [e:\jenkins\tmp\workspace\build\src\src\hotspot\share\prims\jni.cpp, line 516]
Event: 119.529 Thread 0x00000242ef9c43e0 Exception <a 'sun/nio/fs/WindowsException'{0x00000000eb243e38}> (0x00000000eb243e38) 
thrown [e:\jenkins\tmp\workspace\build\src\src\hotspot\share\prims\jni.cpp, line 516]
Event: 119.534 Thread 0x00000242ef9c43e0 Exception <a 'sun/nio/fs/WindowsException'{0x00000000eb248638}> (0x00000000eb248638) 
thrown [e:\jenkins\tmp\workspace\build\src\src\hotspot\share\prims\jni.cpp, line 516]
Event: 119.535 Thread 0x00000242ef9c43e0 Exception <a 'sun/nio/fs/WindowsException'{0x00000000eb24cca8}> (0x00000000eb24cca8) 
thrown [e:\jenkins\tmp\workspace\build\src\src\hotspot\share\prims\jni.cpp, line 516]
Event: 119.542 Thread 0x00000242ef9c43e0 Exception <a 'sun/nio/fs/WindowsException'{0x00000000eb252248}> (0x00000000eb252248) 
thrown [e:\jenkins\tmp\workspace\build\src\src\hotspot\share\prims\jni.cpp, line 516]
Event: 119.546 Thread 0x00000242ef9c43e0 Exception <a 'sun/nio/fs/WindowsException'{0x00000000eb26fda0}> (0x00000000eb26fda0) 
thrown [e:\jenkins\tmp\workspace\build\src\src\hotspot\share\prims\jni.cpp, line 516]
Event: 119.554 Thread 0x00000242ef9c43e0 Exception <a 'sun/nio/fs/WindowsException'{0x00000000eab000c8}> (0x00000000eab000c8) 
thrown [e:\jenkins\tmp\workspace\build\src\src\hotspot\share\prims\jni.cpp, line 516]
Event: 119.558 Thread 0x00000242ef9c43e0 Exception <a 'sun/nio/fs/WindowsException'{0x00000000eab27188}> (0x00000000eab27188) 
thrown [e:\jenkins\tmp\workspace\build\src\src\hotspot\share\prims\jni.cpp, line 516]
Event: 119.696 Thread 0x00000242ef9c43e0 Exception <a 'sun/nio/fs/WindowsException'{0x00000000eab946d8}> (0x00000000eab946d8) 
thrown [e:\jenkins\tmp\workspace\build\src\src\hotspot\share\prims\jni.cpp, line 516]
Event: 119.758 Thread 0x00000242ef9c43e0 Exception <a 'sun/nio/fs/WindowsException'{0x00000000eaff9440}> (0x00000000eaff9440) 
thrown [e:\jenkins\tmp\workspace\build\src\src\hotspot\share\prims\jni.cpp, line 516]
Event: 119.760 Thread 0x00000242ef9c43e0 Exception <a 'sun/nio/fs/WindowsException'{0x00000000eb0b76f0}> (0x00000000eb0b76f0) 
thrown [e:\jenkins\tmp\workspace\build\src\src\hotspot\share\prims\jni.cpp, line 516]
Event: 119.762 Thread 0x00000242ef9c43e0 Exception <a 'sun/nio/fs/WindowsException'{0x00000000eb135608}> (0x00000000eb135608) 
thrown [e:\jenkins\tmp\workspace\build\src\src\hotspot\share\prims\jni.cpp, line 516]
Event: 119.763 Thread 0x00000242ef9c43e0 Exception <a 'sun/nio/fs/WindowsException'{0x00000000eb192198}> (0x00000000eb192198) 
thrown [e:\jenkins\tmp\workspace\build\src\src\hotspot\share\prims\jni.cpp, line 516]
Event: 119.764 Thread 0x00000242ef9c43e0 Exception <a 'sun/nio/fs/WindowsException'{0x00000000eb1d9690}> (0x00000000eb1d9690) 
thrown [e:\jenkins\tmp\workspace\build\src\src\hotspot\share\prims\jni.cpp, line 516]
Event: 119.766 Thread 0x00000242ef9c43e0 Exception <a 'sun/nio/fs/WindowsException'{0x00000000eb1f2048}> (0x00000000eb1f2048) 
thrown [e:\jenkins\tmp\workspace\build\src\src\hotspot\share\prims\jni.cpp, line 516]
Event: 119.767 Thread 0x00000242ef9c43e0 Exception <a 'sun/nio/fs/WindowsException'{0x00000000eb1f5fd8}> (0x00000000eb1f5fd8) 
thrown [e:\jenkins\tmp\workspace\build\src\src\hotspot\share\prims\jni.cpp, line 516]
Event: 119.770 Thread 0x00000242ef9c43e0 Exception <a 'sun/nio/fs/WindowsException'{0x00000000eb2cca18}> (0x00000000eb2cca18) 
thrown [e:\jenkins\tmp\workspace\build\src\src\hotspot\share\prims\jni.cpp, line 516]

VM Operations (20 events):
Event: 117.772 Executing VM operation: ParallelGCFailedAllocation done
Event: 117.772 Executing VM operation: ParallelGCFailedAllocation
Event: 117.997 Executing VM operation: ParallelGCFailedAllocation done
Event: 117.997 Executing VM operation: ParallelGCFailedAllocation
Event: 118.151 Executing VM operation: ParallelGCFailedAllocation done
Event: 118.151 Executing VM operation: ParallelGCFailedAllocation
Event: 118.325 Executing VM operation: ParallelGCFailedAllocation done
Event: 118.326 Executing VM operation: ParallelGCFailedAllocation
Event: 118.543 Executing VM operation: ParallelGCFailedAllocation done
Event: 118.543 Executing VM operation: ParallelGCFailedAllocation
Event: 118.732 Executing VM operation: ParallelGCFailedAllocation done
Event: 118.732 Executing VM operation: ParallelGCFailedAllocation
Event: 118.937 Executing VM operation: ParallelGCFailedAllocation done
Event: 118.938 Executing VM operation: ParallelGCFailedAllocation
Event: 119.061 Executing VM operation: ParallelGCFailedAllocation done
Event: 119.104 Executing VM operation: ParallelGCFailedAllocation
Event: 119.133 Executing VM operation: ParallelGCFailedAllocation done
Event: 119.548 Executing VM operation: ParallelGCFailedAllocation
Event: 119.553 Executing VM operation: ParallelGCFailedAllocation done
Event: 119.802 Executing VM operation: ParallelGCFailedAllocation

Events (20 events):
Event: 34.426 Thread 0x00000242ee968360 flushing nmethod 0x00000242dcc84510
Event: 34.427 Thread 0x00000242ee968360 flushing nmethod 0x00000242dcc8fb10
Event: 34.427 Thread 0x00000242ee968360 flushing nmethod 0x00000242dcc9a790
Event: 34.427 Thread 0x00000242ee968360 flushing nmethod 0x00000242dcca2110
Event: 34.427 Thread 0x00000242ee968360 flushing nmethod 0x00000242dcca8310
Event: 34.427 Thread 0x00000242ee968360 flushing nmethod 0x00000242dcca9490
Event: 34.427 Thread 0x00000242ee968360 flushing nmethod 0x00000242dcca9b90
Event: 34.427 Thread 0x00000242ee968360 flushing nmethod 0x00000242dccbbe10
Event: 34.427 Thread 0x00000242ee968360 flushing nmethod 0x00000242dccbd110
Event: 34.427 Thread 0x00000242ee968360 flushing nmethod 0x00000242dccc1210
Event: 34.427 Thread 0x00000242ee968360 flushing nmethod 0x00000242dccc7790
Event: 34.427 Thread 0x00000242ee968360 flushing nmethod 0x00000242dccc7f90
Event: 34.427 Thread 0x00000242ee968360 flushing nmethod 0x00000242dcccd510
Event: 34.427 Thread 0x00000242ee968360 flushing nmethod 0x00000242dccd4b10
Event: 34.427 Thread 0x00000242ee968360 flushing nmethod 0x00000242dccd9110
Event: 34.427 Thread 0x00000242ee968360 flushing nmethod 0x00000242dcce2b90
Event: 34.427 Thread 0x00000242ee968360 flushing nmethod 0x00000242dcd09a90
Event: 34.427 Thread 0x00000242ee968360 flushing nmethod 0x00000242dcd0a090
Event: 34.427 Thread 0x00000242ee968360 flushing nmethod 0x00000242dcd15810
Event: 34.427 Thread 0x00000242ee968360 flushing nmethod 0x00000242dcd18d10


Dynamic libraries:
0x00007ff68b140000 - 0x00007ff68b14e000 	c:\Users\Arjun\.vscode\extensions\redhat.java-1.2.0\jre\17.0.1-win32-x86_64\bin\java.exe
0x00007ffbf3160000 - 0x00007ffbf3367000 	C:\WINDOWS\SYSTEM32\ntdll.dll
0x00007ffbf1bb0000 - 0x00007ffbf1c6d000 	C:\WINDOWS\System32\KERNEL32.DLL
0x00007ffbf08c0000 - 0x00007ffbf0c34000 	C:\WINDOWS\System32\KERNELBASE.dll
0x00007ffbed680000 - 0x00007ffbed711000 	C:\WINDOWS\SYSTEM32\apphelp.dll
0x00007ffbf0ea0000 - 0x00007ffbf0fb1000 	C:\WINDOWS\System32\ucrtbase.dll
0x00007ffbd97a0000 - 0x00007ffbd97b8000 	c:\Users\Arjun\.vscode\extensions\redhat.java-1.2.0\jre\17.0.1-win32-x86_64\bin\jli.dll
0x00007ffbd9760000 - 0x00007ffbd9779000 	c:\Users\Arjun\.vscode\extensions\redhat.java-1.2.0\jre\17.0.1-win32-x86_64\bin\VCRUNTIME140.dll
0x00007ffbf2e80000 - 0x00007ffbf302c000 	C:\WINDOWS\System32\USER32.dll
0x00007ffbf0fc0000 - 0x00007ffbf0fe6000 	C:\WINDOWS\System32\win32u.dll
0x00007ffbf1a20000 - 0x00007ffbf1a49000 	C:\WINDOWS\System32\GDI32.dll
0x00007ffbf07a0000 - 0x00007ffbf08b2000 	C:\WINDOWS\System32\gdi32full.dll
0x00007ffbf0700000 - 0x00007ffbf079d000 	C:\WINDOWS\System32\msvcp_win.dll
0x00007ffbda190000 - 0x00007ffbda435000 	C:\WINDOWS\WinSxS\amd64_microsoft.windows.common-controls_6595b64144ccf1df_6.0.22000.120_none_9d947278b86cc467\COMCTL32.dll
0x00007ffbf2d10000 - 0x00007ffbf2db3000 	C:\WINDOWS\System32\msvcrt.dll
0x00007ffbf2dc0000 - 0x00007ffbf2df1000 	C:\WINDOWS\System32\IMM32.DLL
0x00007ffbd9790000 - 0x00007ffbd979c000 	c:\Users\Arjun\.vscode\extensions\redhat.java-1.2.0\jre\17.0.1-win32-x86_64\bin\vcruntime140_1.dll
0x00007ffbd5b80000 - 0x00007ffbd5c11000 	c:\Users\Arjun\.vscode\extensions\redhat.java-1.2.0\jre\17.0.1-win32-x86_64\bin\msvcp140.dll
0x00007ffb73dc0000 - 0x00007ffb74a06000 	c:\Users\Arjun\.vscode\extensions\redhat.java-1.2.0\jre\17.0.1-win32-x86_64\bin\server\jvm.dll
0x00007ffbf1850000 - 0x00007ffbf18fc000 	C:\WINDOWS\System32\ADVAPI32.dll
0x00007ffbf27a0000 - 0x00007ffbf283d000 	C:\WINDOWS\System32\sechost.dll
0x00007ffbf2b00000 - 0x00007ffbf2c21000 	C:\WINDOWS\System32\RPCRT4.dll
0x00007ffbf1ba0000 - 0x00007ffbf1ba8000 	C:\WINDOWS\System32\PSAPI.DLL
0x00007ffbe9fd0000 - 0x00007ffbea003000 	C:\WINDOWS\SYSTEM32\WINMM.dll
0x00007ffbe8200000 - 0x00007ffbe820a000 	C:\WINDOWS\SYSTEM32\VERSION.dll
0x00007ffbcb4d0000 - 0x00007ffbcb4d9000 	C:\WINDOWS\SYSTEM32\WSOCK32.dll
0x00007ffbf1310000 - 0x00007ffbf137f000 	C:\WINDOWS\System32\ws2_32.DLL
0x00007ffbef760000 - 0x00007ffbef778000 	C:\WINDOWS\SYSTEM32\kernel.appcore.dll
0x00007ffbd9190000 - 0x00007ffbd919a000 	c:\Users\Arjun\.vscode\extensions\redhat.java-1.2.0\jre\17.0.1-win32-x86_64\bin\jimage.dll
0x00007ffbedff0000 - 0x00007ffbee211000 	C:\WINDOWS\SYSTEM32\DBGHELP.DLL
0x00007ffbd53a0000 - 0x00007ffbd53d1000 	C:\WINDOWS\SYSTEM32\dbgcore.DLL
0x00007ffbf0db0000 - 0x00007ffbf0e2f000 	C:\WINDOWS\System32\bcryptPrimitives.dll
0x00007ffbd9160000 - 0x00007ffbd9185000 	c:\Users\Arjun\.vscode\extensions\redhat.java-1.2.0\jre\17.0.1-win32-x86_64\bin\java.dll
0x00007ffbd9140000 - 0x00007ffbd9158000 	c:\Users\Arjun\.vscode\extensions\redhat.java-1.2.0\jre\17.0.1-win32-x86_64\bin\zip.dll
0x00007ffbf1ff0000 - 0x00007ffbf279e000 	C:\WINDOWS\System32\SHELL32.dll
0x00007ffbee7e0000 - 0x00007ffbef047000 	C:\WINDOWS\SYSTEM32\windows.storage.dll
0x00007ffbf1c70000 - 0x00007ffbf1fe8000 	C:\WINDOWS\System32\combase.dll
0x00007ffbee670000 - 0x00007ffbee7d6000 	C:\WINDOWS\SYSTEM32\wintypes.dll
0x00007ffbf1a50000 - 0x00007ffbf1b3a000 	C:\WINDOWS\System32\SHCORE.dll
0x00007ffbf1380000 - 0x00007ffbf13dd000 	C:\WINDOWS\System32\shlwapi.dll
0x00007ffbf0570000 - 0x00007ffbf0591000 	C:\WINDOWS\SYSTEM32\profapi.dll
0x00007ffbd8e90000 - 0x00007ffbd8ea9000 	C:\Users\Arjun\.vscode\extensions\redhat.java-1.2.0\jre\17.0.1-win32-x86_64\bin\net.dll
0x00007ffbe8320000 - 0x00007ffbe842c000 	C:\WINDOWS\SYSTEM32\WINHTTP.dll
0x00007ffbefb70000 - 0x00007ffbefbd7000 	C:\WINDOWS\system32\mswsock.dll
0x00007ffbd8e70000 - 0x00007ffbd8e85000 	C:\Users\Arjun\.vscode\extensions\redhat.java-1.2.0\jre\17.0.1-win32-x86_64\bin\nio.dll
0x00007ffbefe30000 - 0x00007ffbefe48000 	C:\WINDOWS\SYSTEM32\CRYPTSP.dll
0x00007ffbef6c0000 - 0x00007ffbef6f5000 	C:\WINDOWS\system32\rsaenh.dll
0x00007ffbefcd0000 - 0x00007ffbefcf9000 	C:\WINDOWS\SYSTEM32\USERENV.dll
0x00007ffbeffa0000 - 0x00007ffbeffc7000 	C:\WINDOWS\SYSTEM32\bcrypt.dll
0x00007ffbefe20000 - 0x00007ffbefe2c000 	C:\WINDOWS\SYSTEM32\CRYPTBASE.dll
0x00007ffbef2a0000 - 0x00007ffbef2cd000 	C:\WINDOWS\SYSTEM32\IPHLPAPI.DLL
0x00007ffbf1900000 - 0x00007ffbf1909000 	C:\WINDOWS\System32\NSI.dll
0x00007ffbe7f20000 - 0x00007ffbe7f39000 	C:\WINDOWS\SYSTEM32\dhcpcsvc6.DLL
0x00007ffbe8880000 - 0x00007ffbe889e000 	C:\WINDOWS\SYSTEM32\dhcpcsvc.DLL
0x00007ffbef310000 - 0x00007ffbef3f7000 	C:\WINDOWS\SYSTEM32\DNSAPI.dll
0x00007ffbd6840000 - 0x00007ffbd687e000 	C:\Users\Arjun\AppData\Roaming\Code\User\globalStorage\redhat.java\1.2.0\config_win\org.eclipse.equinox.launcher\org.eclipse.equinox.launcher.win32.win32.x86_64_1.2.400.v20211117-0650\eclipse_11602.dll
0x00007ffbf2840000 - 0x00007ffbf29da000 	C:\WINDOWS\System32\ole32.dll
0x00007ffbd9130000 - 0x00007ffbd9140000 	c:\Users\Arjun\.vscode\extensions\redhat.java-1.2.0\jre\17.0.1-win32-x86_64\bin\verify.dll
0x00007ffbd8aa0000 - 0x00007ffbd8ab1000 	C:\Users\Arjun\AppData\Roaming\Code\User\globalStorage\redhat.java\1.2.0\config_win\org.eclipse.osgi\22\0\.cp\jWinHttp-1.0.0.dll
0x00007ffbd8ff0000 - 0x00007ffbd8ffe000 	C:\Users\Arjun\.vscode\extensions\redhat.java-1.2.0\jre\17.0.1-win32-x86_64\bin\sunmscapi.dll
0x00007ffbf0c40000 - 0x00007ffbf0da2000 	C:\WINDOWS\System32\CRYPT32.dll
0x00007ffbeff70000 - 0x00007ffbeff98000 	C:\WINDOWS\SYSTEM32\ncrypt.dll
0x00007ffbeff30000 - 0x00007ffbeff67000 	C:\WINDOWS\SYSTEM32\NTASN1.dll
0x00007ffbd9670000 - 0x00007ffbd967a000 	C:\Windows\System32\rasadhlp.dll
0x00007ffbe5f30000 - 0x00007ffbe5fb1000 	C:\WINDOWS\System32\fwpuclnt.dll

dbghelp: loaded successfully - version: 4.0.5 - missing functions: none
symbol engine: initialized successfully - sym options: 0x614 - pdb path: .;c:\Users\Arjun\.vscode\extensions\redhat.java-1.2.0\jre\17.0.1-win32-x86_64\bin;C:\WINDOWS\SYSTEM32;C:\WINDOWS\WinSxS\amd64_microsoft.windows.common-controls_6595b64144ccf1df_6.0.22000.120_none_9d947278b86cc467;c:\Users\Arjun\.vscode\extensions\redhat.java-1.2.0\jre\17.0.1-win32-x86_64\bin\server;C:\Users\Arjun\AppData\Roaming\Code\User\globalStorage\redhat.java\1.2.0\config_win\org.eclipse.equinox.launcher\org.eclipse.equinox.launcher.win32.win32.x86_64_1.2.400.v20211117-0650;C:\Users\Arjun\AppData\Roaming\Code\User\globalStorage\redhat.java\1.2.0\config_win\org.eclipse.osgi\22\0\.cp

VM Arguments:
jvm_args: --add-modules=ALL-SYSTEM --add-opens=java.base/java.util=ALL-UNNAMED --add-opens=java.base/java.lang=ALL-UNNAMED -Declipse.application=org.eclipse.jdt.ls.core.id1 -Dosgi.bundles.defaultStartLevel=4 -Declipse.product=org.eclipse.jdt.ls.core.product -Djava.import.generatesMetadataFilesAtProjectRoot=false -Dfile.encoding=utf8 -DwatchParentProcess=false -XX:+UseParallelGC -XX:GCTimeRatio=4 -XX:AdaptiveSizePolicyWeight=90 -Dsun.zip.disableMemoryMapping=true -Xmx1G -Xms100m -XX:+HeapDumpOnOutOfMemoryError -XX:HeapDumpPath=c:\Users\Arjun\AppData\Roaming\Code\User\workspaceStorage\aafd1f019712dd6e346a609919cd7ed3\redhat.java 
java_command: c:\Users\Arjun\.vscode\extensions\redhat.java-1.2.0\server\plugins\org.eclipse.equinox.launcher_1.6.400.v20210924-0641.jar -configuration c:\Users\Arjun\AppData\Roaming\Code\User\globalStorage\redhat.java\1.2.0\config_win -data c:\Users\Arjun\AppData\Roaming\Code\User\workspaceStorage\aafd1f019712dd6e346a609919cd7ed3\redhat.java\jdt_ws
java_class_path (initial): c:\Users\Arjun\.vscode\extensions\redhat.java-1.2.0\server\plugins\org.eclipse.equinox.launcher_1.6.400.v20210924-0641.jar
Launcher Type: SUN_STANDARD

[Global flags]
    uintx AdaptiveSizePolicyWeight                 = 90                                        {product} {command line}
     intx CICompilerCount                          = 4                                         {product} {ergonomic}
    uintx GCTimeRatio                              = 4                                         {product} {command line}
     bool HeapDumpOnOutOfMemoryError               = true                                   {manageable} {command line}
    ccstr HeapDumpPath                             = c:\Users\Arjun\AppData\Roaming\Code\User\workspaceStorage\aafd1f019712dd6e346a609919cd7ed3\redhat.java         {manageable} {command line}
   size_t InitialHeapSize                          = 104857600                                 {product} {command line}
   size_t MaxHeapSize                              = 1073741824                                {product} {command line}
   size_t MaxNewSize                               = 357564416                                 {product} {ergonomic}
   size_t MinHeapDeltaBytes                        = 524288                                    {product} {ergonomic}
   size_t MinHeapSize                              = 104857600                                 {product} {command line}
   size_t NewSize                                  = 34603008                                  {product} {ergonomic}
    uintx NonNMethodCodeHeapSize                   = 5839372                                {pd product} {ergonomic}
    uintx NonProfiledCodeHeapSize                  = 122909434                              {pd product} {ergonomic}
   size_t OldSize                                  = 70254592                                  {product} {ergonomic}
    uintx ProfiledCodeHeapSize                     = 122909434                              {pd product} {ergonomic}
    uintx ReservedCodeCacheSize                    = 251658240                              {pd product} {ergonomic}
     bool SegmentedCodeCache                       = true                                      {product} {ergonomic}
   size_t SoftMaxHeapSize                          = 1073741824                             {manageable} {ergonomic}
     bool UseCompressedClassPointers               = true                           {product lp64_product} {ergonomic}
     bool UseCompressedOops                        = true                           {product lp64_product} {ergonomic}
     bool UseLargePagesIndividualAllocation        = false                                  {pd product} {ergonomic}
     bool UseParallelGC                            = true                                      {product} {command line}

Logging:
Log output configuration:
 #0: stdout all=warning uptime,level,tags
 #1: stderr all=off uptime,level,tags

Environment Variables:
PATH=C:\Program Files\Common Files\Oracle\Java\javapath;C:\WINDOWS\system32;C:\WINDOWS;C:\WINDOWS\System32\Wbem;C:\WINDOWS\System32\WindowsPowerShell\v1.0\;C:\WINDOWS\System32\OpenSSH\;C:\Program Files\nodejs\;C:\Program Files\Git\cmd;C:\Users\Arjun\AppData\Local\Programs\Python\Python39\Scripts\;C:\Users\Arjun\AppData\Local\Programs\Python\Python39\;C:\Users\Arjun\AppData\Local\Microsoft\WindowsApps;C:\Users\Arjun\AppData\Local\Programs\Microsoft VS Code\bin;C:\Program Files\Git\bin\;C:\Program Files\Git\cmd\;C:\Program Files\nodejs\;C:\Users\Arjun\AppData\Roaming\npm;C:\Users\Arjun\AppData\Local\GitHubDesktop\bin;
USERNAME=Arj
OS=Windows_NT
PROCESSOR_IDENTIFIER=AMD64 Family 23 Model 24 Stepping 1, AuthenticAMD



---------------  S Y S T E M  ---------------

OS:
 Windows 10 , 64 bit Build 22000 (10.0.22000.318)
OS uptime: 2 days 12:00 hours

CPU: total 8 (initial active 8) (8 cores per cpu, 2 threads per core) family 23 model 24 stepping 1 microcode 0x0, cx8, cmov, fxsr, ht, mmx, 3dnowpref, sse, sse2, sse3, ssse3, sse4a, sse4.1, sse4.2, popcnt, lzcnt, tsc, tscinvbit, avx, avx2, aes, clmul, bmi1, bmi2, adx, sha, fma, vzeroupper, clflush, clflushopt

Memory: 4k page, system-wide physical 6077M (59M free)
TotalPageFile size 24509M (AvailPageFile size 9M)
current process WorkingSet (physical memory assigned to process): 297M, peak: 466M
current process commit charge ("private bytes"): 892M, peak: 893M

vm_info: OpenJDK 64-Bit Server VM (17.0.1+12) for windows-amd64 JRE (17.0.1+12), built on Oct 20 2021 07:42:55 by "" with MS VC++ 16.7 (VS2019)

END.
