TUR                             Ottoman 158.4   
GER                             Prussia 158.4   
AUS                             Austria 158.4   
ITA                             Kingdom 158.4   
JAP                             Empire  158.4   
FRA                             French  158.4   
AFG                             Kingdom 144     
BEI                             Beiyang 144     
SWE                             Kingdom 144     
ETH                             Abyssin 144     
ROM                             Kingdom 144     
PER                             Sublime 144     
MON                             New Mon 144     
NOR                             Kingdom 144     
YAK                             Yakutia 138     
TRB                             Pontic  138     
KUL                             Kumul K 132     
NRX                             Nationa 132     
COL                             United  132     
ENG                             United  132     
ETR                             East Tu 126     
USA                             United  79.2    
