AUS                             Austria 475.2   
FRA                             Nationa 475.2   
FGD                             Königre 432     
GPU                             South G 414     
VIN                             French  360     
POR                             Kingdom 360     
PAF                             Dominío 360     
FWA                             French  360     
ORA                             Österre 360     
FEA                             French  360     
MOR                             Kingdom 360     
BOS                             Bosnian 330     
TUN                             Protect 330     
PMO                             Moçambi 330     
ALB                             Albania 315     
HES                             Duchy o 315     
BAD                             Duchy o 315     
LUX                             Luxembo 315     
SER                             Black H 315     
WUR                             Kingdom 315     
SOV                             Russian 158.4   
DEN                             Denmark 144     
HOL                             Kingdom 144     
SPR                             Kingdom 132     
JAP                             Empire  132     
GRE                             Helleni 132     
TUR                             Ottoman 132     
USA                             United  132     
ENG                             United  132     
ARG                             Argenti 79.2    
