ITA                             Republi 475.2   
SOV                             Russian 475.2   
FRA                             French  475.2   
MOR                             Kingdom 432     
FEA                             French  432     
VIN                             French  360     
GER                             Prussia 346.5   
TUN                             Protect 330     
VEN                             Caracas 158.4   
USA                             United  158.4   
SAU                             Saudi A 144     
SPR                             Kingdom 144     
SWE                             Kingdom 144     
GUC                             Guanxi  144     
MEX                             Mexican 144     
PAF                             Dominío 144     
POR                             Kingdom 144     
AIG                             All Ind 144     
BRS                             Brazili 144     
CEN                             Central 144     
ETH                             Abyssin 144     
LBA                             Senssun 144     
TUR                             Ottoman 132     
OMA                             Sultana 132     
GRE                             Helleni 132     
PMO                             Moçambi 132     
COL                             United  132     
HAN                             Kingdom 126.5   
DAH                             Dahomey 126     
HOL                             Kingdom 86.4    
DRA                             Dravida 86.4    
JAP                             Empire  79.2    
LIB                             Liberia 75.6    
FGD                             Königre 0       
LUX                             Luxembo 0       
FWA                             French  0       
