Factories                       CHL     0       
Economy/civilian                Upgrade 1       
Army Department                 Upgrade 2       
Naval Department                Upgrade 1       
Airforce Department             Upgrade 1       
Passive defense                 Upgrade 2       
Anti-partisan                   Upgrade 1       
Blueprint stealing              Upgrade 1       
Portable radios                 Upgrade 1       
Invisible Ink                   Upgrade 1       
Plastic explosives              Upgrade 1       
Suicide pills                   Upgrade 1       
Localized training cent         Upgrade 2       
Commando training               Upgrade 1       
Interrogation technique         Upgrade 1       
Diplomatic Training             Upgrade 1       
Psychological Warfare           Upgrade 1       
Form Department                 Upgrade 2       
Radio Interception Grou         Upgrade 2       
Machine-Assisted Decryp         Upgrade 1       
Government Cypher Schoo         Upgrade 2       
Machine-Assisted Encryp         Upgrade 1       
