BRS T:1 Sc:72                   Score   Cost    Valid   
Take Goyaz                      144000  23      1       
Take Matto Grosso               36000   12      1       
Take Rio Negro                  36000   15      1       
Take Tapajós                    36000   11      1       
Take Rio Amazonas               36000   3       1       
Take Amapá                      36000   5       1       
Take Araguia                    36000   6       1       
Take Tumucumaque                36000   0       1       
Take Pará                       36000   21      1       
Take Juruá                      36000   8       1       
-------------                                           
BRS T:1 Sc:49                   Score   Cost    Valid   
Take Matto Grosso               36000   12      1       
Take Rio Negro                  36000   15      1       
Take Tapajós                    36000   11      1       
Take Rio Amazonas               36000   3       1       
Take Amapá                      36000   5       1       
Take Araguia                    36000   6       1       
Take Tumucumaque                36000   0       1       
Take Pará                       36000   21      1       
Take Juruá                      36000   8       1       
-------------                                           
BRS T:1 Sc:37                   Score   Cost    Valid   
Take Pará                       72000   21      1       
Take Rio Negro                  36000   15      1       
Take Tapajós                    36000   11      1       
Take Rio Amazonas               36000   3       1       
Take Amapá                      36000   5       1       
Take Araguia                    36000   6       1       
Take Tumucumaque                36000   0       1       
Take Juruá                      36000   8       1       
-------------                                           
BRS T:1 Sc:16                   Score   Cost    Valid   
Take Tapajós                    72000   11      1       
Take Rio Amazonas               72000   3       1       
Take Rio Negro                  36000   15      1       
Take Amapá                      36000   5       1       
Take Araguia                    36000   6       1       
Take Tumucumaque                36000   0       1       
Take Juruá                      36000   8       1       
-------------                                           
BRS T:1 Sc:5                    Score   Cost    Valid   
Take Rio Amazonas               144000  3       1       
Take Rio Negro                  36000   15      1       
Take Amapá                      36000   5       1       
Take Araguia                    36000   6       1       
Take Tumucumaque                36000   0       1       
Take Juruá                      36000   8       1       
-------------                                           
BRS T:1 Sc:2                    Score   Cost    Valid   
Take Rio Negro                  36000   15      1       
Take Amapá                      36000   5       1       
Take Araguia                    36000   6       1       
Take Tumucumaque                36000   0       1       
Take Juruá                      36000   8       1       
-------------                                           
BRS T:1 Sc:2                    Score   Cost    Valid   
Take Rio Negro                  72000   15      1       
Take Amapá                      72000   5       1       
Take Araguia                    36000   6       1       
Take Juruá                      36000   8       1       
-------------                                           
UBR T:1 Sc:39                   Score   Cost    Valid   
Take Matto Grosso               24000   0       0       
Take Rio Negro                  12000   237     1       
Take Goyaz                      12000   0       0       
Take Tapajós                    12000   169     1       
Take Rio Amazonas               12000   46      1       
Take Amapá                      12000   77      1       
Take Araguia                    12000   92      1       
Take Tumucumaque                12000   0       1       
Take Pará                       12000   323     1       
Take Juruá                      12000   132     1       
-------------                                           
UBR T:1 Sc:39                   Score   Cost    Valid   
Take Matto Grosso               24000   0       0       
Take Rio Negro                  12000   237     1       
Take Goyaz                      12000   0       0       
Take Tapajós                    12000   169     1       
Take Rio Amazonas               12000   46      1       
Take Amapá                      12000   77      1       
Take Araguia                    12000   92      1       
Take Pará                       12000   323     1       
Take Juruá                      12000   132     1       
-------------                                           
BRS T:1 Sc:37                   Score   Cost    Valid   
Take Goyaz                      144000  0       0       
Take Pará                       72000   21      1       
Take Matto Grosso               36000   0       0       
Take Rio Negro                  36000   15      1       
Take Tapajós                    36000   11      1       
Take Rio Amazonas               36000   3       1       
Take Amapá                      36000   5       1       
Take Araguia                    36000   6       1       
Take Tumucumaque                36000   0       0       
Take Juruá                      36000   8       1       
-------------                                           
BRS T:1 Sc:16                   Score   Cost    Valid   
Take Goyaz                      144000  0       0       
Take Matto Grosso               72000   0       0       
Take Tapajós                    72000   11      1       
Take Rio Amazonas               72000   3       1       
Take Rio Negro                  36000   15      1       
Take Amapá                      36000   5       1       
Take Araguia                    36000   6       1       
Take Tumucumaque                36000   0       0       
Take Juruá                      36000   8       1       
-------------                                           
BRS T:1 Sc:5                    Score   Cost    Valid   
Take Matto Grosso               144000  0       0       
Take Goyaz                      144000  0       0       
Take Rio Amazonas               144000  3       1       
Take Rio Negro                  36000   15      1       
Take Amapá                      36000   5       1       
Take Araguia                    36000   6       1       
Take Tumucumaque                36000   0       0       
Take Juruá                      36000   8       1       
-------------                                           
BRS T:1 Sc:2                    Score   Cost    Valid   
Take Matto Grosso               288000  0       0       
Take Goyaz                      144000  0       0       
Take Rio Negro                  36000   15      1       
Take Amapá                      36000   5       1       
Take Araguia                    36000   6       1       
Take Tumucumaque                36000   0       0       
Take Juruá                      36000   8       1       
-------------                                           
UBR T:1 Sc:39                   Score   Cost    Valid   
Take Matto Grosso               24000   0       0       
Take Rio Negro                  12000   237     1       
Take Goyaz                      12000   0       0       
Take Tapajós                    12000   169     1       
Take Rio Amazonas               12000   46      1       
Take Amapá                      12000   77      1       
Take Araguia                    12000   92      1       
Take Tumucumaque                12000   0       0       
Take Pará                       12000   323     1       
Take Juruá                      12000   132     1       
-------------                                           
BRS T:1 Sc:51                   Score   Cost    Valid   
Take Goyaz                      144000  0       0       
Take Pará                       72000   21      1       
Take Matto Grosso               36000   0       0       
Take Rio Negro                  36000   15      1       
Take Tapajós                    36000   11      1       
Take Rio Amazonas               36000   3       1       
Take Amapá                      36000   5       1       
Take Araguia                    36000   6       1       
Take Tumucumaque                36000   0       0       
Take Juruá                      36000   8       1       
-------------                                           
BRS T:1 Sc:30                   Score   Cost    Valid   
Take Goyaz                      144000  0       0       
Take Matto Grosso               72000   0       0       
Take Tapajós                    72000   11      1       
Take Rio Amazonas               72000   3       1       
Take Rio Negro                  36000   15      1       
Take Amapá                      36000   5       1       
Take Araguia                    36000   6       1       
Take Tumucumaque                36000   0       0       
Take Juruá                      36000   8       1       
-------------                                           
BRS T:1 Sc:19                   Score   Cost    Valid   
Take Matto Grosso               144000  0       0       
Take Goyaz                      144000  0       0       
Take Rio Amazonas               144000  3       1       
Take Rio Negro                  36000   15      1       
Take Amapá                      36000   5       1       
Take Araguia                    36000   6       1       
Take Tumucumaque                36000   0       0       
Take Juruá                      36000   8       1       
-------------                                           
BRS T:1 Sc:16                   Score   Cost    Valid   
Take Matto Grosso               288000  0       0       
Take Goyaz                      144000  0       0       
Take Rio Negro                  36000   15      1       
Take Amapá                      36000   5       1       
Take Araguia                    36000   6       1       
Take Tumucumaque                36000   0       0       
Take Juruá                      36000   8       1       
-------------                                           
BRS T:1 Sc:1                    Score   Cost    Valid   
Take Matto Grosso               288000  0       0       
Take Goyaz                      144000  0       0       
Take Araguia                    72000   6       1       
Take Tumucumaque                72000   0       0       
Take Amapá                      36000   5       1       
Take Juruá                      36000   8       1       
-------------                                           
UBR T:1 Sc:47                   Score   Cost    Valid   
Take Matto Grosso               24000   0       0       
Take Rio Negro                  12000   237     1       
Take Goyaz                      12000   0       0       
Take Tapajós                    12000   169     1       
Take Rio Amazonas               12000   46      1       
Take Amapá                      12000   77      1       
Take Araguia                    12000   92      1       
Take Tumucumaque                12000   0       0       
Take Pará                       12000   0       0       
Take Juruá                      12000   132     1       
-------------                                           
UBR T:1 Sc:1                    Score   Cost    Valid   
Take Matto Grosso               24000   0       0       
Take Rio Negro                  24000   237     1       
Take Amapá                      24000   77      1       
Take Goyaz                      12000   0       0       
Take Tapajós                    12000   169     1       
Take Araguia                    12000   92      1       
Take Tumucumaque                12000   0       0       
Take Pará                       12000   0       0       
Take Juruá                      12000   132     1       
-------------                                           
BRS T:1 Sc:30                   Score   Cost    Valid   
Take Goyaz                      144000  0       0       
Take Matto Grosso               72000   0       0       
Take Tapajós                    72000   11      1       
Take Rio Amazonas               72000   0       0       
Take Pará                       72000   0       0       
Take Rio Negro                  36000   15      1       
Take Amapá                      36000   5       1       
Take Araguia                    36000   6       1       
Take Tumucumaque                36000   0       0       
Take Juruá                      36000   8       1       
-------------                                           
BRS T:1 Sc:19                   Score   Cost    Valid   
Take Matto Grosso               144000  0       0       
Take Goyaz                      144000  0       0       
Take Rio Amazonas               144000  0       0       
Take Pará                       144000  0       0       
Take Rio Negro                  36000   15      1       
Take Amapá                      36000   5       1       
Take Araguia                    36000   6       1       
Take Tumucumaque                36000   0       0       
Take Juruá                      36000   8       1       
-------------                                           
BRS T:1 Sc:4                    Score   Cost    Valid   
Take Rio Amazonas               288000  0       0       
Take Matto Grosso               144000  0       0       
Take Goyaz                      144000  0       0       
Take Pará                       144000  0       0       
Take Amapá                      36000   5       1       
Take Araguia                    36000   6       1       
Take Tumucumaque                36000   0       0       
Take Juruá                      36000   8       1       
-------------                                           
UBR T:1 Sc:1                    Score   Cost    Valid   
Take Matto Grosso               24000   0       0       
Take Rio Negro                  24000   0       0       
Take Amapá                      24000   77      1       
Take Goyaz                      12000   0       0       
Take Tapajós                    12000   0       0       
Take Rio Amazonas               12000   0       0       
Take Araguia                    12000   92      1       
Take Tumucumaque                12000   0       0       
Take Pará                       12000   0       0       
Take Juruá                      12000   132     1       
-------------                                           
BRS T:1 Sc:4                    Score   Cost    Valid   
Take Rio Amazonas               288000  0       0       
Take Matto Grosso               144000  0       0       
Take Goyaz                      144000  0       0       
Take Pará                       144000  0       0       
Take Tapajós                    72000   0       0       
Take Rio Negro                  36000   0       0       
Take Amapá                      36000   5       1       
Take Araguia                    36000   6       1       
Take Tumucumaque                36000   0       0       
Take Juruá                      36000   8       1       
-------------                                           
UBR T:1 Sc:9                    Score   Cost    Valid   
Take Matto Grosso               24000   0       0       
Take Rio Negro                  24000   0       0       
Take Amapá                      24000   77      1       
Take Goyaz                      12000   0       0       
Take Tapajós                    12000   0       0       
Take Rio Amazonas               12000   0       0       
Take Araguia                    12000   92      1       
Take Tumucumaque                12000   0       0       
Take Pará                       12000   0       0       
Take Juruá                      12000   132     1       
-------------                                           
BRS T:1 Sc:18                   Score   Cost    Valid   
Take Rio Amazonas               288000  0       0       
Take Matto Grosso               144000  0       0       
Take Goyaz                      144000  0       0       
Take Pará                       144000  0       0       
Take Tapajós                    72000   0       0       
Take Rio Negro                  36000   0       0       
Take Amapá                      36000   5       1       
Take Araguia                    36000   6       1       
Take Tumucumaque                36000   0       0       
Take Juruá                      36000   8       1       
-------------                                           
BRS T:1 Sc:13                   Score   Cost    Valid   
Take Rio Amazonas               576000  0       0       
Take Matto Grosso               144000  0       0       
Take Goyaz                      144000  0       0       
Take Pará                       144000  0       0       
Take Tapajós                    72000   0       0       
Take Tumucumaque                72000   0       0       
Take Rio Negro                  36000   0       0       
Take Araguia                    36000   6       1       
Take Juruá                      36000   8       1       
-------------                                           
BRS T:1 Sc:7                    Score   Cost    Valid   
Take Rio Amazonas               1152000 0       0       
Take Matto Grosso               144000  0       0       
Take Goyaz                      144000  0       0       
Take Pará                       144000  0       0       
Take Tapajós                    72000   0       0       
Take Tumucumaque                72000   0       0       
Take Rio Negro                  36000   0       0       
Take Juruá                      36000   8       1       
-------------                                           
UBR T:1 Sc:17                   Score   Cost    Valid   
Take Matto Grosso               24000   0       0       
Take Rio Negro                  24000   0       0       
Take Amapá                      24000   0       0       
Take Goyaz                      12000   0       0       
Take Tapajós                    12000   0       0       
Take Rio Amazonas               12000   0       0       
Take Araguia                    12000   92      1       
Take Tumucumaque                12000   0       0       
Take Pará                       12000   0       0       
Take Juruá                      12000   132     1       
-------------                                           
BRS T:1 Sc:13                   Score   Cost    Valid   
Take Rio Amazonas               576000  0       0       
Take Matto Grosso               144000  0       0       
Take Goyaz                      144000  0       0       
Take Pará                       144000  0       0       
Take Tapajós                    72000   0       0       
Take Tumucumaque                72000   0       0       
Take Rio Negro                  36000   0       0       
Take Amapá                      36000   0       0       
Take Araguia                    36000   6       1       
Take Juruá                      36000   8       1       
-------------                                           
BRS T:1 Sc:7                    Score   Cost    Valid   
Take Rio Amazonas               1152000 0       0       
Take Matto Grosso               144000  0       0       
Take Goyaz                      144000  0       0       
Take Pará                       144000  0       0       
Take Tapajós                    72000   0       0       
Take Tumucumaque                72000   0       0       
Take Rio Negro                  36000   0       0       
Take Amapá                      36000   0       0       
Take Juruá                      36000   8       1       
-------------                                           
UBR T:1 Sc:25                   Score   Cost    Valid   
Take Matto Grosso               24000   0       0       
Take Rio Negro                  24000   0       0       
Take Amapá                      24000   0       0       
Take Goyaz                      12000   0       0       
Take Tapajós                    12000   0       0       
Take Rio Amazonas               12000   0       0       
Take Araguia                    12000   92      1       
Take Tumucumaque                12000   0       0       
Take Pará                       12000   0       0       
Take Juruá                      12000   132     1       
-------------                                           
BRS T:1 Sc:27                   Score   Cost    Valid   
Take Rio Amazonas               576000  0       0       
Take Matto Grosso               144000  0       0       
Take Goyaz                      144000  0       0       
Take Pará                       144000  0       0       
Take Tapajós                    72000   0       0       
Take Tumucumaque                72000   0       0       
Take Rio Negro                  36000   0       0       
Take Amapá                      36000   0       0       
Take Araguia                    36000   6       1       
Take Juruá                      36000   8       1       
-------------                                           
BRS T:1 Sc:21                   Score   Cost    Valid   
Take Rio Amazonas               1152000 0       0       
Take Matto Grosso               144000  0       0       
Take Goyaz                      144000  0       0       
Take Pará                       144000  0       0       
Take Tapajós                    72000   0       0       
Take Tumucumaque                72000   0       0       
Take Rio Negro                  36000   0       0       
Take Amapá                      36000   0       0       
Take Juruá                      36000   8       1       
-------------                                           
BRS T:1 Sc:13                   Score   Cost    Valid   
Take Rio Amazonas               1152000 0       0       
Take Matto Grosso               144000  0       0       
Take Goyaz                      144000  0       0       
Take Pará                       144000  0       0       
Take Tapajós                    72000   0       0       
Take Tumucumaque                72000   0       0       
Take Rio Negro                  36000   0       0       
Take Amapá                      36000   0       0       
-------------                                           
UBR T:1 Sc:33                   Score   Cost    Valid   
Take Matto Grosso               24000   0       0       
Take Rio Negro                  24000   0       0       
Take Amapá                      24000   0       0       
Take Goyaz                      12000   0       0       
Take Tapajós                    12000   0       0       
Take Rio Amazonas               12000   0       0       
Take Araguia                    12000   0       0       
Take Tumucumaque                12000   0       0       
Take Pará                       12000   0       0       
Take Juruá                      12000   132     1       
-------------                                           
BRS T:1 Sc:21                   Score   Cost    Valid   
Take Rio Amazonas               1152000 0       0       
Take Matto Grosso               144000  0       0       
Take Goyaz                      144000  0       0       
Take Pará                       144000  0       0       
Take Tapajós                    72000   0       0       
Take Tumucumaque                72000   0       0       
Take Rio Negro                  36000   0       0       
Take Amapá                      36000   0       0       
Take Araguia                    36000   0       0       
Take Juruá                      36000   8       1       
-------------                                           
BRS T:1 Sc:13                   Score   Cost    Valid   
Take Rio Amazonas               1152000 0       0       
Take Matto Grosso               144000  0       0       
Take Goyaz                      144000  0       0       
Take Pará                       144000  0       0       
Take Tapajós                    72000   0       0       
Take Araguia                    72000   0       0       
Take Tumucumaque                72000   0       0       
Take Rio Negro                  36000   0       0       
Take Amapá                      36000   0       0       
-------------                                           
UBR T:1 Sc:41                   Score   Cost    Valid   
Take Matto Grosso               24000   0       0       
Take Rio Negro                  24000   0       0       
Take Amapá                      24000   0       0       
Take Goyaz                      12000   0       0       
Take Tapajós                    12000   0       0       
Take Rio Amazonas               12000   0       0       
Take Araguia                    12000   0       0       
Take Tumucumaque                12000   0       0       
Take Pará                       12000   0       0       
Take Juruá                      12000   132     1       
-------------                                           
BRS T:1 Sc:35                   Score   Cost    Valid   
Take Rio Amazonas               1152000 0       0       
Take Matto Grosso               144000  0       0       
Take Goyaz                      144000  0       0       
Take Pará                       144000  0       0       
Take Tapajós                    72000   0       0       
Take Tumucumaque                72000   0       0       
Take Rio Negro                  36000   0       0       
Take Amapá                      36000   0       0       
Take Araguia                    36000   0       0       
Take Juruá                      36000   8       1       
-------------                                           
BRS T:1 Sc:27                   Score   Cost    Valid   
Take Rio Amazonas               1152000 0       0       
Take Matto Grosso               144000  0       0       
Take Goyaz                      144000  0       0       
Take Pará                       144000  0       0       
Take Tapajós                    72000   0       0       
Take Araguia                    72000   0       0       
Take Tumucumaque                72000   0       0       
Take Rio Negro                  36000   0       0       
Take Amapá                      36000   0       0       
-------------                                           
UBR T:1 Sc:49                   Score   Cost    Valid   
Take Matto Grosso               24000   0       0       
Take Rio Negro                  24000   0       0       
Take Amapá                      24000   0       0       
Take Goyaz                      12000   0       0       
Take Tapajós                    12000   0       0       
Take Rio Amazonas               12000   0       0       
Take Araguia                    12000   0       0       
Take Tumucumaque                12000   0       0       
Take Pará                       12000   0       0       
Take Juruá                      12000   0       0       
-------------                                           
BRS T:1 Sc:27                   Score   Cost    Valid   
Take Rio Amazonas               1152000 0       0       
Take Matto Grosso               144000  0       0       
Take Goyaz                      144000  0       0       
Take Pará                       144000  0       0       
Take Tapajós                    72000   0       0       
Take Araguia                    72000   0       0       
Take Tumucumaque                72000   0       0       
Take Rio Negro                  36000   0       0       
Take Amapá                      36000   0       0       
Take Juruá                      36000   0       0       
-------------                                           
BRE T:1 Sc:14                   Score   Cost    Valid   
Take Matto Grosso               12000   0       0       
Take Rio Negro                  12000   0       0       
Take Goyaz                      12000   0       0       
Take Tapajós                    12000   0       0       
Take Rio Amazonas               12000   0       0       
Take Amapá                      12000   0       0       
Take Araguia                    12000   0       0       
Take Tumucumaque                12000   0       0       
Take Pará                       12000   0       0       
Take Juruá                      12000   0       0       
-------------                                           
