[20:55:45][main.cpp:1456]: Not compiled with PDX_DEBUG. Memory usage info will be limited.
[20:55:47][gameapplication.cpp:640]: Memory before first init: 131476KB memory.
[20:55:47][gameapplication.cpp:653]: InitTextureLookup(gfx/models) takes 4KB memory.
[20:55:48][gameapplication.cpp:1050]: InitBase:: CApplication takes 32648KB memory.
[20:55:49][gameapplication.cpp:1168]: InitBase:: CGameGraphics takes 35276KB memory.
[20:55:49][gameapplication.cpp:1175]: InitBase:: InitLoadScreen takes 11096KB memory.
[20:55:51][gameapplication.cpp:1207]: InitBase:: InitGUI takes 149868KB memory.
[20:55:51][gameapplication.cpp:1260]: InitBase:: AddMapShaderDefines takes 8KB memory.
[20:55:51][gameapplication.cpp:1270]: InitBase:: CGraphicalCultureTypeDataBase takes 1452KB memory.
[20:55:51][gameapplication.cpp:659]: InitBase takes 257916KB memory.
[20:55:53][gameapplication.cpp:666]: _pGraphics->Init3DTypes() takes 137464KB memory.
[20:55:53][gameapplication.cpp:674]: LoadAssets takes 12060KB memory.
[20:55:54][map.cpp:611]: ThreadedPostPostRead:: GenerateBoundingBoxes takes 6936KB memory.
[20:55:54][map.cpp:616]: ThreadedPostPostRead:: CalculateAdjacencies takes 12904KB memory.
[20:55:55][map.cpp:629]: ThreadedPostPostRead:: CProvinceTemplate takes 45536KB memory.
[20:55:55][gameapplication.cpp:1306]: InitGame:: LoadDatabases takes 102984KB memory.
[20:55:55][gameapplication.cpp:1354]: InitGame:: achivements, event and onactions takes 6656KB memory.
[20:55:56][gradientbordermanager.cpp:339]: Pre layersallocation: 13872KB memory.
[20:55:56][gradientborder.cpp:1255]: Buffer: 4KB memory.
[20:55:56][gradientborder.cpp:1285]: _ProvinceMask: 116KB memory.
[20:55:56][gradientborder.cpp:1290]: ClearBuffer: 11264KB memory.
[20:55:56][gradientbordermanager.cpp:348]: AllocateLocalBuffers[0]: 11384KB memory.
[20:55:56][gradientborder.cpp:1255]: Buffer: 4KB memory.
[20:55:56][gradientborder.cpp:1285]: _ProvinceMask: 112KB memory.
[20:55:56][gradientborder.cpp:1290]: ClearBuffer: 11264KB memory.
[20:55:56][gradientbordermanager.cpp:348]: AllocateLocalBuffers[1]: 11380KB memory.
[20:55:56][gradientborder.cpp:1255]: Buffer: 4KB memory.
[20:55:56][gradientborder.cpp:1285]: _ProvinceMask: 120KB memory.
[20:55:56][gradientborder.cpp:1290]: ClearBuffer: 11264KB memory.
[20:55:56][gradientbordermanager.cpp:348]: AllocateLocalBuffers[2]: 11388KB memory.
[20:55:56][gradientborder.cpp:1255]: Buffer: 4KB memory.
[20:55:56][gradientborder.cpp:1285]: _ProvinceMask: 112KB memory.
[20:55:56][gradientborder.cpp:1290]: ClearBuffer: 11264KB memory.
[20:55:56][gradientbordermanager.cpp:348]: AllocateLocalBuffers[3]: 11380KB memory.
[20:55:56][gradientborder.cpp:1255]: Buffer: 4KB memory.
[20:55:56][gradientborder.cpp:1285]: _ProvinceMask: 116KB memory.
[20:55:56][gradientborder.cpp:1290]: ClearBuffer: 11264KB memory.
[20:55:56][gradientbordermanager.cpp:348]: AllocateLocalBuffers[4]: 11384KB memory.
[20:55:56][gradientborder.cpp:1285]: _ProvinceMask: 112KB memory.
[20:55:56][gradientborder.cpp:1290]: ClearBuffer: 0KB memory.
[20:55:56][gradientbordermanager.cpp:348]: AllocateLocalBuffers[5]: 112KB memory.
[20:55:56][gradientborder.cpp:1285]: _ProvinceMask: 116KB memory.
[20:55:56][gradientborder.cpp:1290]: ClearBuffer: 0KB memory.
[20:55:56][gradientbordermanager.cpp:348]: AllocateLocalBuffers[6]: 116KB memory.
[20:55:56][gradientborder.cpp:1285]: _ProvinceMask: 112KB memory.
[20:55:56][gradientborder.cpp:1290]: ClearBuffer: 0KB memory.
[20:55:56][gradientbordermanager.cpp:348]: AllocateLocalBuffers[7]: 112KB memory.
[20:55:56][gradientborder.cpp:1285]: _ProvinceMask: 116KB memory.
[20:55:56][gradientborder.cpp:1290]: ClearBuffer: 0KB memory.
[20:55:56][gradientbordermanager.cpp:348]: AllocateLocalBuffers[8]: 116KB memory.
[20:55:56][gradientborder.cpp:1285]: _ProvinceMask: 112KB memory.
[20:55:56][gradientborder.cpp:1290]: ClearBuffer: 0KB memory.
[20:55:56][gradientbordermanager.cpp:348]: AllocateLocalBuffers[9]: 112KB memory.
[20:55:56][gradientborder.cpp:1285]: _ProvinceMask: 112KB memory.
[20:55:56][gradientborder.cpp:1290]: ClearBuffer: 0KB memory.
[20:55:56][gradientbordermanager.cpp:348]: AllocateLocalBuffers[10]: 112KB memory.
[20:55:56][gradientborder.cpp:1285]: _ProvinceMask: 116KB memory.
[20:55:56][gradientborder.cpp:1290]: ClearBuffer: 0KB memory.
[20:55:56][gradientbordermanager.cpp:348]: AllocateLocalBuffers[11]: 116KB memory.
[20:55:56][gradientbordermanager.cpp:355]: After layersallocation: 45120KB memory.
[20:55:56][mapmodemanager.cpp:408]: _pGBMan->LoadDatabase: 116708KB memory.
[20:55:56][gamestate.cpp:913]: InitGameState:: CreateMapModes 116756KB memory.
[20:55:57][gameapplication.cpp:1375]: InitGame:: Creating gamestate takes 440656KB memory.
[20:55:57][gameapplication.cpp:1389]: InitGame:: CAIAreaDatabasee::BuildProvinceAreaLookup takes 56KB memory.
[20:55:58][gameapplication.cpp:1402]: InitGame:: LoadFlagTextures takes 3564KB memory.
[20:55:58][gameapplication.cpp:1409]: InitGame:: CMapIconManagerImpl takes 0KB memory.
[20:55:58][gameapplication.cpp:1415]: InitGame:: CFrontEnd takes 11104KB memory.
[20:55:58][gameapplication.cpp:1444]: InitGame:: CButtonMenu takes 0KB memory.
[20:55:58][gameapplication.cpp:1451]: InitGame:: DumpMissing takes 1028KB memory.
[20:55:58][gameapplication.cpp:1457]: InitGame:: InitFileWatchers takes -1028KB memory.
[20:55:58][gameapplication.cpp:678]: InitGame() takes 565428KB memory.
[20:56:01][gameapplication.cpp:1494]: InitMap:: CGraphicalMap takes 316144KB memory.
[20:56:02][gameapplication.cpp:1501]: InitMap:: Init map stuff takes 11196KB memory.
[20:56:02][frontend.cpp:417]: _Super.InitMap takes 357108KB memory.
