2021-08-03 23:55:45.619 [WARN] [PDXMP] Initializing pdx_mp v0.5.6.2
2021-08-03 23:55:45.619 [WARN] [PDXMP] Custom settings: {"settings":{"common":{"default_log_level":1,"use_sandbox":false,"network":{"sku":"HOHO01GPC0000000","platform_bound":false},"telemetry":{"universe":"steam","game_name":"hoi4"}}}}
2021-08-03 23:55:45.621 [SPAM] [HTTP_API] Initialize
2021-08-03 23:55:45.633 [INFO] [IpHelper] Default gateway address 26.0.0.1
2021-08-03 23:55:45.636 [SPAM] [HTTP_API] Keep transaction handle ffdf7c10 id 1
2021-08-03 23:55:45.651 [INFO] [IpHelper] Host address stun.paradox-interactive.com - 34.196.231.53
2021-08-03 23:55:45.651 [INFO] [IpHelper] Host address stun.paradox-interactive.com - 34.196.231.53
2021-08-03 23:55:45.651 [INFO] [PDXMP] SUCCESS getting host by name
2021-08-03 23:55:45.654 [DEBUG] [NTP] Initializing pool.ntp.org
2021-08-03 23:55:45.656 [DEBUG] [NetworkConnection] Start STUN test 
2021-08-03 23:55:45.656 [DEBUG] [StunClient] Creating message
2021-08-03 23:55:45.671 [INFO] [IpHelper] Host address pool.ntp.org - 162.159.200.123
2021-08-03 23:55:45.671 [DEBUG] [NTP] Send Request #1
2021-08-03 23:55:45.685 [DEBUG] [NTP] Offset: 0s 403ms, ping: 14ms
2021-08-03 23:55:45.685 [DEBUG] [NTP] New Logging Offset applied.
2021-08-03 23:55:46.945 [DEBUG] [HTTP_API] In SSL CTX callback
2021-08-03 23:55:46.961 [WARN] [NetworkManager] Network not pumped for 100ms! Stalled 1172 ms
2021-08-03 23:55:46.962 [DEBUG] [StunClient] Resending message
2021-08-03 23:55:46.962 [DEBUG] [StunClient] Got local address info
2021-08-03 23:55:46.962 [DEBUG] [StunClient] Processing response
2021-08-03 23:55:46.962 [SPAM] [StunReader] Class: Success, method: Binding
2021-08-03 23:55:46.962 [SPAM] [StunReader] Length 48
2021-08-03 23:55:46.962 [SPAM] [StunReader] Attribute 0001
2021-08-03 23:55:46.962 [SPAM] [StunReader] Attribute 802b
2021-08-03 23:55:46.962 [SPAM] [StunReader] Attribute 802c
2021-08-03 23:55:46.962 [SPAM] [StunReader] Attribute 0020
2021-08-03 23:55:46.982 [DEBUG] [StunClient] Creating message
2021-08-03 23:55:47.134 [DEBUG] [StunClient] Processing response
2021-08-03 23:55:47.134 [SPAM] [StunReader] Class: Success, method: Binding
2021-08-03 23:55:47.134 [SPAM] [StunReader] Length 48
2021-08-03 23:55:47.134 [SPAM] [StunReader] Attribute 0001
2021-08-03 23:55:47.134 [SPAM] [StunReader] Attribute 802b
2021-08-03 23:55:47.134 [SPAM] [StunReader] Attribute 802c
2021-08-03 23:55:47.134 [SPAM] [StunReader] Attribute 0020
2021-08-03 23:55:47.155 [DEBUG] [StunClient] Processing response
2021-08-03 23:55:47.155 [SPAM] [StunReader] Class: Success, method: Binding
2021-08-03 23:55:47.155 [SPAM] [StunReader] Length 48
2021-08-03 23:55:47.155 [SPAM] [StunReader] Attribute 0001
2021-08-03 23:55:47.155 [SPAM] [StunReader] Attribute 802b
2021-08-03 23:55:47.155 [SPAM] [StunReader] Attribute 802c
2021-08-03 23:55:47.155 [SPAM] [StunReader] Attribute 0020
2021-08-03 23:55:47.175 [DEBUG] [StunClient] Creating message
2021-08-03 23:55:47.405 [DEBUG] [StunClient] Resending message
2021-08-03 23:55:47.848 [DEBUG] [StunClient] Resending message
2021-08-03 23:55:48.745 [DEBUG] [StunClient] Resending message
2021-08-03 23:55:50.561 [DEBUG] [StunClient] Creating message
2021-08-03 23:55:51.063 [DEBUG] [StunClient] Resending message
2021-08-03 23:55:52.079 [DEBUG] [StunClient] Resending message
2021-08-03 23:55:54.067 [DEBUG] [StunClient] Resending message
2021-08-03 23:55:58.078 [DEBUG] [StunClient] All tests done
2021-08-03 23:55:58.078 [DEBUG] [NetworkConnection] STUN test complete 
2021-08-03 23:55:58.078 [WARN] [NetworkConnection] Using local port 17780 
2021-08-03 23:55:58.078 [WARN] [NetworkConnection] Mode: online
2021-08-03 23:55:58.079 [WARN] [NetworkConnection] Local IP: 192.168.15.14:17780 public IP: 189.111.82.145:17780
2021-08-03 23:55:58.079 [WARN] [NetworkConnection] NAT in: 4, NAT out: 2
2021-08-03 23:55:58.099 [SPAM] [HTTP_API] Keep transaction handle de824b20 id 2
2021-08-03 23:55:58.120 [SPAM] [HTTP_API] Keep transaction handle de906f30 id 3
2021-08-03 23:55:58.204 [DEBUG] [HTTP_API] In SSL CTX callback
2021-08-03 23:55:58.441 [DEBUG] [TurnResolver] Regions response 200:
{"result":"OK","regions":{"us-east":[{"host":"100.26.139.7","port":3478}],"eu-central":[{"host":"3.124.209.250","port":3478}]}}
2021-08-03 23:55:58.441 [DEBUG] [TurnResolver] Added region us-east
2021-08-03 23:55:58.441 [DEBUG] [TurnResolver] Added region eu-central
2021-08-03 23:55:58.606 [SPAM] [StunReader] Class: Failure, method: Binding
2021-08-03 23:55:58.606 [SPAM] [StunReader] Length 56
2021-08-03 23:55:58.606 [SPAM] [StunReader] Attribute 8022
2021-08-03 23:55:58.606 [SPAM] [StunReader] StunAttribute_Software: 'P1 STUN library'
2021-08-03 23:55:58.606 [SPAM] [StunReader] Attribute 0009
2021-08-03 23:55:58.606 [SPAM] [StunReader] StunAttribute_ErrorCode: 420 'Unknown Attribute'
2021-08-03 23:55:58.606 [SPAM] [StunReader] Attribute 000a
2021-08-03 23:55:58.688 [SPAM] [StunReader] Class: Failure, method: Binding
2021-08-03 23:55:58.688 [SPAM] [StunReader] Length 56
2021-08-03 23:55:58.688 [SPAM] [StunReader] Attribute 8022
2021-08-03 23:55:58.688 [SPAM] [StunReader] StunAttribute_Software: 'P1 STUN library'
2021-08-03 23:55:58.688 [SPAM] [StunReader] Attribute 0009
2021-08-03 23:55:58.688 [SPAM] [StunReader] StunAttribute_ErrorCode: 420 'Unknown Attribute'
2021-08-03 23:55:58.688 [SPAM] [StunReader] Attribute 000a
2021-08-03 23:55:58.791 [SPAM] [StunReader] Class: Failure, method: Binding
2021-08-03 23:55:58.791 [SPAM] [StunReader] Length 56
2021-08-03 23:55:58.791 [SPAM] [StunReader] Attribute 8022
2021-08-03 23:55:58.791 [SPAM] [StunReader] StunAttribute_Software: 'P1 STUN library'
2021-08-03 23:55:58.791 [SPAM] [StunReader] Attribute 0009
2021-08-03 23:55:58.791 [SPAM] [StunReader] StunAttribute_ErrorCode: 420 'Unknown Attribute'
2021-08-03 23:55:58.791 [SPAM] [StunReader] Attribute 000a
2021-08-03 23:55:58.959 [SPAM] [StunReader] Class: Failure, method: Binding
2021-08-03 23:55:58.959 [SPAM] [StunReader] Length 56
2021-08-03 23:55:58.959 [SPAM] [StunReader] Attribute 8022
2021-08-03 23:55:58.959 [SPAM] [StunReader] StunAttribute_Software: 'P1 STUN library'
2021-08-03 23:55:58.959 [SPAM] [StunReader] Attribute 0009
2021-08-03 23:55:58.959 [SPAM] [StunReader] StunAttribute_ErrorCode: 420 'Unknown Attribute'
2021-08-03 23:55:58.959 [SPAM] [StunReader] Attribute 000a
2021-08-03 23:55:58.980 [SPAM] [StunReader] Class: Failure, method: Binding
2021-08-03 23:55:58.980 [SPAM] [StunReader] Length 56
2021-08-03 23:55:58.980 [SPAM] [StunReader] Attribute 8022
2021-08-03 23:55:58.980 [SPAM] [StunReader] StunAttribute_Software: 'P1 STUN library'
2021-08-03 23:55:58.980 [SPAM] [StunReader] Attribute 0009
2021-08-03 23:55:58.980 [SPAM] [StunReader] StunAttribute_ErrorCode: 420 'Unknown Attribute'
2021-08-03 23:55:58.980 [SPAM] [StunReader] Attribute 000a
2021-08-03 23:55:59.231 [SPAM] [StunReader] Class: Failure, method: Binding
2021-08-03 23:55:59.231 [SPAM] [StunReader] Length 56
2021-08-03 23:55:59.231 [SPAM] [StunReader] Attribute 8022
2021-08-03 23:55:59.231 [SPAM] [StunReader] StunAttribute_Software: 'P1 STUN library'
2021-08-03 23:55:59.231 [SPAM] [StunReader] Attribute 0009
2021-08-03 23:55:59.231 [SPAM] [StunReader] StunAttribute_ErrorCode: 420 'Unknown Attribute'
2021-08-03 23:55:59.231 [SPAM] [StunReader] Attribute 000a
2021-08-03 23:55:59.231 [INFO] [TurnResolver] Best TURN region is us-east
2021-08-03 23:55:59.231 [SPAM] [HTTP_API] Keep transaction handle df1d9c30 id 4
2021-08-03 23:55:59.231 [SPAM] [NetworkConnection] Keep connectivity nat mapping sending ping 
2021-08-03 23:55:59.461 [DEBUG] [HTTP_API] In SSL CTX callback
2021-08-03 23:56:04.992 [SPAM] [HTTP_API] Keep transaction handle e5ce2010 id 5
2021-08-03 23:56:04.992 [SPAM] [NetworkConnection] Keep connectivity nat mapping sending ping 
2021-08-03 23:56:10.206 [SPAM] [HTTP_API] Keep transaction handle e5ce2010 id 6
2021-08-03 23:56:10.206 [SPAM] [NetworkConnection] Keep connectivity nat mapping sending ping 
2021-08-03 23:56:15.428 [SPAM] [HTTP_API] Keep transaction handle e5ce2010 id 7
2021-08-03 23:56:15.428 [SPAM] [NetworkConnection] Keep connectivity nat mapping sending ping 
2021-08-03 23:56:20.639 [SPAM] [HTTP_API] Keep transaction handle e5ce2010 id 8
2021-08-03 23:56:20.639 [SPAM] [NetworkConnection] Keep connectivity nat mapping sending ping 
2021-08-03 23:56:25.867 [SPAM] [HTTP_API] Keep transaction handle e5ce2010 id 9
2021-08-03 23:56:25.867 [SPAM] [NetworkConnection] Keep connectivity nat mapping sending ping 
2021-08-03 23:56:31.081 [SPAM] [HTTP_API] Keep transaction handle e5ce2010 id 10
2021-08-03 23:56:31.081 [SPAM] [NetworkConnection] Keep connectivity nat mapping sending ping 
2021-08-03 23:56:36.287 [SPAM] [HTTP_API] Keep transaction handle e5ce2010 id 11
2021-08-03 23:56:36.287 [SPAM] [NetworkConnection] Keep connectivity nat mapping sending ping 
2021-08-03 23:56:41.505 [SPAM] [HTTP_API] Keep transaction handle e5ce2010 id 12
2021-08-03 23:56:41.505 [SPAM] [NetworkConnection] Keep connectivity nat mapping sending ping 
2021-08-03 23:56:46.715 [SPAM] [HTTP_API] Keep transaction handle e5ce2010 id 13
2021-08-03 23:56:46.715 [SPAM] [NetworkConnection] Keep connectivity nat mapping sending ping 
2021-08-03 23:56:51.927 [SPAM] [HTTP_API] Keep transaction handle e5ce2010 id 14
2021-08-03 23:56:51.927 [SPAM] [NetworkConnection] Keep connectivity nat mapping sending ping 
2021-08-03 23:56:57.145 [SPAM] [HTTP_API] Keep transaction handle e5ce2010 id 15
2021-08-03 23:56:57.145 [SPAM] [NetworkConnection] Keep connectivity nat mapping sending ping 
2021-08-03 23:57:02.358 [SPAM] [HTTP_API] Keep transaction handle c1abf20 id 16
2021-08-03 23:57:02.358 [SPAM] [NetworkConnection] Keep connectivity nat mapping sending ping 
2021-08-03 23:57:07.580 [SPAM] [HTTP_API] Keep transaction handle be4ffd0 id 17
2021-08-03 23:57:07.580 [SPAM] [NetworkConnection] Keep connectivity nat mapping sending ping 
2021-08-03 23:57:12.782 [SPAM] [HTTP_API] Keep transaction handle be4ffd0 id 18
2021-08-03 23:57:12.782 [SPAM] [NetworkConnection] Keep connectivity nat mapping sending ping 
2021-08-03 23:57:17.988 [SPAM] [HTTP_API] Keep transaction handle be4ffd0 id 19
2021-08-03 23:57:17.988 [SPAM] [NetworkConnection] Keep connectivity nat mapping sending ping 
2021-08-03 23:57:23.209 [SPAM] [HTTP_API] Keep transaction handle be4ffd0 id 20
2021-08-03 23:57:23.209 [SPAM] [NetworkConnection] Keep connectivity nat mapping sending ping 
2021-08-03 23:57:28.422 [SPAM] [HTTP_API] Keep transaction handle be4ffd0 id 21
2021-08-03 23:57:28.422 [SPAM] [NetworkConnection] Keep connectivity nat mapping sending ping 
2021-08-03 23:57:33.650 [SPAM] [HTTP_API] Keep transaction handle be4ffd0 id 22
2021-08-03 23:57:33.650 [SPAM] [NetworkConnection] Keep connectivity nat mapping sending ping 
2021-08-03 23:57:38.843 [SPAM] [HTTP_API] Keep transaction handle be4ffd0 id 23
2021-08-03 23:57:38.843 [SPAM] [NetworkConnection] Keep connectivity nat mapping sending ping 
2021-08-03 23:57:44.059 [SPAM] [HTTP_API] Keep transaction handle be4ffd0 id 24
2021-08-03 23:57:44.059 [SPAM] [NetworkConnection] Keep connectivity nat mapping sending ping 
2021-08-03 23:57:49.271 [SPAM] [HTTP_API] Keep transaction handle be4ffd0 id 25
2021-08-03 23:57:49.271 [SPAM] [NetworkConnection] Keep connectivity nat mapping sending ping 
2021-08-03 23:57:54.495 [SPAM] [HTTP_API] Keep transaction handle be4ffd0 id 26
2021-08-03 23:57:54.495 [SPAM] [NetworkConnection] Keep connectivity nat mapping sending ping 
2021-08-03 23:57:59.719 [SPAM] [HTTP_API] Keep transaction handle be4ffd0 id 27
2021-08-03 23:57:59.719 [SPAM] [NetworkConnection] Keep connectivity nat mapping sending ping 
2021-08-03 23:58:04.935 [SPAM] [HTTP_API] Keep transaction handle be4ffd0 id 28
2021-08-03 23:58:04.935 [SPAM] [NetworkConnection] Keep connectivity nat mapping sending ping 
2021-08-03 23:58:10.147 [SPAM] [HTTP_API] Keep transaction handle be4ffd0 id 29
2021-08-03 23:58:10.147 [SPAM] [NetworkConnection] Keep connectivity nat mapping sending ping 
2021-08-03 23:58:15.356 [SPAM] [HTTP_API] Keep transaction handle be4ffd0 id 30
2021-08-03 23:58:15.356 [SPAM] [NetworkConnection] Keep connectivity nat mapping sending ping 
2021-08-03 23:58:20.578 [SPAM] [HTTP_API] Keep transaction handle be4ffd0 id 31
2021-08-03 23:58:20.578 [SPAM] [NetworkConnection] Keep connectivity nat mapping sending ping 
2021-08-03 23:58:25.787 [SPAM] [HTTP_API] Keep transaction handle be4ffd0 id 32
2021-08-03 23:58:25.787 [SPAM] [NetworkConnection] Keep connectivity nat mapping sending ping 
2021-08-03 23:58:30.991 [SPAM] [HTTP_API] Keep transaction handle be4ffd0 id 33
2021-08-03 23:58:30.991 [SPAM] [NetworkConnection] Keep connectivity nat mapping sending ping 
2021-08-03 23:58:36.182 [SPAM] [HTTP_API] Keep transaction handle be4ffd0 id 34
2021-08-03 23:58:36.182 [SPAM] [NetworkConnection] Keep connectivity nat mapping sending ping 
2021-08-03 23:58:41.397 [SPAM] [HTTP_API] Keep transaction handle be4ffd0 id 35
2021-08-03 23:58:41.397 [SPAM] [NetworkConnection] Keep connectivity nat mapping sending ping 
2021-08-03 23:58:46.594 [SPAM] [HTTP_API] Keep transaction handle be4ffd0 id 36
2021-08-03 23:58:46.594 [SPAM] [NetworkConnection] Keep connectivity nat mapping sending ping 
2021-08-03 23:58:51.814 [SPAM] [HTTP_API] Keep transaction handle be4ffd0 id 37
2021-08-03 23:58:51.814 [SPAM] [NetworkConnection] Keep connectivity nat mapping sending ping 
2021-08-03 23:58:57.037 [SPAM] [HTTP_API] Keep transaction handle be4ffd0 id 38
2021-08-03 23:58:57.037 [SPAM] [NetworkConnection] Keep connectivity nat mapping sending ping 
2021-08-03 23:59:02.245 [SPAM] [HTTP_API] Keep transaction handle be4ffd0 id 39
2021-08-03 23:59:02.245 [SPAM] [NetworkConnection] Keep connectivity nat mapping sending ping 
2021-08-03 23:59:07.438 [SPAM] [HTTP_API] Keep transaction handle be4ffd0 id 40
2021-08-03 23:59:07.438 [SPAM] [NetworkConnection] Keep connectivity nat mapping sending ping 
2021-08-03 23:59:12.659 [SPAM] [HTTP_API] Keep transaction handle be4ffd0 id 41
2021-08-03 23:59:12.659 [SPAM] [NetworkConnection] Keep connectivity nat mapping sending ping 
2021-08-03 23:59:17.879 [SPAM] [HTTP_API] Keep transaction handle be4ffd0 id 42
2021-08-03 23:59:17.879 [SPAM] [NetworkConnection] Keep connectivity nat mapping sending ping 
2021-08-03 23:59:23.078 [SPAM] [HTTP_API] Keep transaction handle be4ffd0 id 43
2021-08-03 23:59:23.078 [SPAM] [NetworkConnection] Keep connectivity nat mapping sending ping 
2021-08-03 23:59:28.291 [SPAM] [HTTP_API] Keep transaction handle be4ffd0 id 44
2021-08-03 23:59:28.291 [SPAM] [NetworkConnection] Keep connectivity nat mapping sending ping 
2021-08-03 23:59:33.495 [SPAM] [HTTP_API] Keep transaction handle be4ffd0 id 45
2021-08-03 23:59:33.495 [SPAM] [NetworkConnection] Keep connectivity nat mapping sending ping 
2021-08-03 23:59:38.703 [SPAM] [HTTP_API] Keep transaction handle be4ffd0 id 46
2021-08-03 23:59:38.703 [SPAM] [NetworkConnection] Keep connectivity nat mapping sending ping 
2021-08-03 23:59:43.915 [SPAM] [HTTP_API] Keep transaction handle be4ffd0 id 47
2021-08-03 23:59:43.915 [SPAM] [NetworkConnection] Keep connectivity nat mapping sending ping 
2021-08-03 23:59:49.110 [SPAM] [HTTP_API] Keep transaction handle be4ffd0 id 48
2021-08-03 23:59:49.110 [SPAM] [NetworkConnection] Keep connectivity nat mapping sending ping 
2021-08-03 23:59:54.307 [SPAM] [HTTP_API] Keep transaction handle be4ffd0 id 49
2021-08-03 23:59:54.307 [SPAM] [NetworkConnection] Keep connectivity nat mapping sending ping 
2021-08-03 23:59:59.526 [SPAM] [HTTP_API] Keep transaction handle be4ffd0 id 50
2021-08-03 23:59:59.526 [SPAM] [NetworkConnection] Keep connectivity nat mapping sending ping 
2021-08-04 00:00:04.753 [SPAM] [HTTP_API] Keep transaction handle be4ffd0 id 51
2021-08-04 00:00:04.753 [SPAM] [NetworkConnection] Keep connectivity nat mapping sending ping 
2021-08-04 00:00:09.972 [SPAM] [HTTP_API] Keep transaction handle be4ffd0 id 52
2021-08-04 00:00:09.972 [SPAM] [NetworkConnection] Keep connectivity nat mapping sending ping 
2021-08-04 00:00:15.187 [SPAM] [HTTP_API] Keep transaction handle be4ffd0 id 53
2021-08-04 00:00:15.187 [SPAM] [NetworkConnection] Keep connectivity nat mapping sending ping 
2021-08-04 00:00:20.392 [SPAM] [HTTP_API] Keep transaction handle be4ffd0 id 54
2021-08-04 00:00:20.392 [SPAM] [NetworkConnection] Keep connectivity nat mapping sending ping 
2021-08-04 00:00:25.601 [SPAM] [HTTP_API] Keep transaction handle be4ffd0 id 55
2021-08-04 00:00:25.601 [SPAM] [NetworkConnection] Keep connectivity nat mapping sending ping 
2021-08-04 00:00:30.800 [SPAM] [HTTP_API] Keep transaction handle be4ffd0 id 56
2021-08-04 00:00:30.800 [SPAM] [NetworkConnection] Keep connectivity nat mapping sending ping 
2021-08-04 00:00:36.015 [SPAM] [HTTP_API] Keep transaction handle be4ffd0 id 57
2021-08-04 00:00:36.015 [SPAM] [NetworkConnection] Keep connectivity nat mapping sending ping 
2021-08-04 00:00:41.218 [SPAM] [HTTP_API] Keep transaction handle be4ffd0 id 58
2021-08-04 00:00:41.218 [SPAM] [NetworkConnection] Keep connectivity nat mapping sending ping 
2021-08-04 00:00:46.409 [SPAM] [HTTP_API] Keep transaction handle be4ffd0 id 59
2021-08-04 00:00:46.409 [SPAM] [NetworkConnection] Keep connectivity nat mapping sending ping 
2021-08-04 00:00:51.629 [SPAM] [HTTP_API] Keep transaction handle be4ffd0 id 60
2021-08-04 00:00:51.629 [SPAM] [NetworkConnection] Keep connectivity nat mapping sending ping 
2021-08-04 00:00:56.857 [SPAM] [HTTP_API] Keep transaction handle be4ffd0 id 61
2021-08-04 00:00:56.857 [SPAM] [NetworkConnection] Keep connectivity nat mapping sending ping 
2021-08-04 00:01:02.068 [SPAM] [HTTP_API] Keep transaction handle be4ffd0 id 62
2021-08-04 00:01:02.068 [SPAM] [NetworkConnection] Keep connectivity nat mapping sending ping 
2021-08-04 00:01:07.285 [SPAM] [HTTP_API] Keep transaction handle be4ffd0 id 63
2021-08-04 00:01:07.285 [SPAM] [NetworkConnection] Keep connectivity nat mapping sending ping 
2021-08-04 00:01:12.500 [SPAM] [HTTP_API] Keep transaction handle be4ffd0 id 64
2021-08-04 00:01:12.500 [SPAM] [NetworkConnection] Keep connectivity nat mapping sending ping 
2021-08-04 00:01:17.722 [SPAM] [HTTP_API] Keep transaction handle be4ffd0 id 65
2021-08-04 00:01:17.722 [SPAM] [NetworkConnection] Keep connectivity nat mapping sending ping 
2021-08-04 00:01:22.951 [SPAM] [HTTP_API] Keep transaction handle be4ffd0 id 66
2021-08-04 00:01:22.951 [SPAM] [NetworkConnection] Keep connectivity nat mapping sending ping 
2021-08-04 00:01:28.175 [SPAM] [HTTP_API] Keep transaction handle be4ffd0 id 67
2021-08-04 00:01:28.175 [SPAM] [NetworkConnection] Keep connectivity nat mapping sending ping 
2021-08-04 00:01:33.388 [SPAM] [HTTP_API] Keep transaction handle be4ffd0 id 68
2021-08-04 00:01:33.388 [SPAM] [NetworkConnection] Keep connectivity nat mapping sending ping 
2021-08-04 00:01:38.601 [SPAM] [HTTP_API] Keep transaction handle be4ffd0 id 69
2021-08-04 00:01:38.601 [SPAM] [NetworkConnection] Keep connectivity nat mapping sending ping 
2021-08-04 00:01:43.809 [SPAM] [HTTP_API] Keep transaction handle be4ffd0 id 70
2021-08-04 00:01:43.809 [SPAM] [NetworkConnection] Keep connectivity nat mapping sending ping 
2021-08-04 00:01:49.030 [SPAM] [HTTP_API] Keep transaction handle be4ffd0 id 71
2021-08-04 00:01:49.030 [SPAM] [NetworkConnection] Keep connectivity nat mapping sending ping 
2021-08-04 00:01:54.241 [SPAM] [HTTP_API] Keep transaction handle be4ffd0 id 72
2021-08-04 00:01:54.241 [SPAM] [NetworkConnection] Keep connectivity nat mapping sending ping 
2021-08-04 00:01:59.467 [SPAM] [HTTP_API] Keep transaction handle be4ffd0 id 73
2021-08-04 00:01:59.467 [SPAM] [NetworkConnection] Keep connectivity nat mapping sending ping 
2021-08-04 00:02:04.679 [SPAM] [HTTP_API] Keep transaction handle be4ffd0 id 74
2021-08-04 00:02:04.679 [SPAM] [NetworkConnection] Keep connectivity nat mapping sending ping 
2021-08-04 00:02:09.882 [SPAM] [HTTP_API] Keep transaction handle be4ffd0 id 75
2021-08-04 00:02:09.882 [SPAM] [NetworkConnection] Keep connectivity nat mapping sending ping 
2021-08-04 00:02:15.097 [SPAM] [HTTP_API] Keep transaction handle be4ffd0 id 76
2021-08-04 00:02:15.097 [SPAM] [NetworkConnection] Keep connectivity nat mapping sending ping 
2021-08-04 00:02:20.316 [SPAM] [HTTP_API] Keep transaction handle be4ffd0 id 77
2021-08-04 00:02:20.316 [SPAM] [NetworkConnection] Keep connectivity nat mapping sending ping 
2021-08-04 00:02:25.527 [SPAM] [HTTP_API] Keep transaction handle be4ffd0 id 78
2021-08-04 00:02:25.527 [SPAM] [NetworkConnection] Keep connectivity nat mapping sending ping 
2021-08-04 00:02:30.737 [SPAM] [HTTP_API] Keep transaction handle be4ffd0 id 79
2021-08-04 00:02:30.737 [SPAM] [NetworkConnection] Keep connectivity nat mapping sending ping 
2021-08-04 00:02:35.945 [SPAM] [HTTP_API] Keep transaction handle be4ffd0 id 80
2021-08-04 00:02:35.945 [SPAM] [NetworkConnection] Keep connectivity nat mapping sending ping 
2021-08-04 00:02:41.162 [SPAM] [HTTP_API] Keep transaction handle be4ffd0 id 81
2021-08-04 00:02:41.162 [SPAM] [NetworkConnection] Keep connectivity nat mapping sending ping 
2021-08-04 00:02:46.383 [SPAM] [HTTP_API] Keep transaction handle be4ffd0 id 82
2021-08-04 00:02:46.383 [SPAM] [NetworkConnection] Keep connectivity nat mapping sending ping 
2021-08-04 00:02:51.607 [SPAM] [HTTP_API] Keep transaction handle be4ffd0 id 83
2021-08-04 00:02:51.607 [SPAM] [NetworkConnection] Keep connectivity nat mapping sending ping 
2021-08-04 00:02:56.796 [SPAM] [HTTP_API] Keep transaction handle be4ffd0 id 84
2021-08-04 00:02:56.796 [SPAM] [NetworkConnection] Keep connectivity nat mapping sending ping 
2021-08-04 00:03:02.021 [SPAM] [HTTP_API] Keep transaction handle be4ffd0 id 85
2021-08-04 00:03:02.021 [SPAM] [NetworkConnection] Keep connectivity nat mapping sending ping 
2021-08-04 00:03:07.211 [SPAM] [HTTP_API] Keep transaction handle be4ffd0 id 86
2021-08-04 00:03:07.211 [SPAM] [NetworkConnection] Keep connectivity nat mapping sending ping 
2021-08-04 00:03:12.422 [SPAM] [HTTP_API] Keep transaction handle be4ffd0 id 87
2021-08-04 00:03:12.422 [SPAM] [NetworkConnection] Keep connectivity nat mapping sending ping 
2021-08-04 00:03:17.629 [SPAM] [HTTP_API] Keep transaction handle be4ffd0 id 88
2021-08-04 00:03:17.629 [SPAM] [NetworkConnection] Keep connectivity nat mapping sending ping 
2021-08-04 00:03:22.837 [SPAM] [HTTP_API] Keep transaction handle be4ffd0 id 89
2021-08-04 00:03:22.837 [SPAM] [NetworkConnection] Keep connectivity nat mapping sending ping 
2021-08-04 00:03:28.061 [SPAM] [HTTP_API] Keep transaction handle be4ffd0 id 90
2021-08-04 00:03:28.061 [SPAM] [NetworkConnection] Keep connectivity nat mapping sending ping 
2021-08-04 00:03:33.283 [SPAM] [HTTP_API] Keep transaction handle be4ffd0 id 91
2021-08-04 00:03:33.283 [SPAM] [NetworkConnection] Keep connectivity nat mapping sending ping 
2021-08-04 00:03:38.505 [SPAM] [HTTP_API] Keep transaction handle be4ffd0 id 92
2021-08-04 00:03:38.505 [SPAM] [NetworkConnection] Keep connectivity nat mapping sending ping 
2021-08-04 00:03:43.702 [SPAM] [HTTP_API] Keep transaction handle be4ffd0 id 93
2021-08-04 00:03:43.702 [SPAM] [NetworkConnection] Keep connectivity nat mapping sending ping 
2021-08-04 00:03:48.922 [SPAM] [HTTP_API] Keep transaction handle be4ffd0 id 94
2021-08-04 00:03:48.922 [SPAM] [NetworkConnection] Keep connectivity nat mapping sending ping 
2021-08-04 00:03:54.146 [SPAM] [HTTP_API] Keep transaction handle be4ffd0 id 95
2021-08-04 00:03:54.146 [SPAM] [NetworkConnection] Keep connectivity nat mapping sending ping 
2021-08-04 00:03:59.358 [SPAM] [HTTP_API] Keep transaction handle be4ffd0 id 96
2021-08-04 00:03:59.358 [SPAM] [NetworkConnection] Keep connectivity nat mapping sending ping 
2021-08-04 00:04:04.581 [SPAM] [HTTP_API] Keep transaction handle be4ffd0 id 97
2021-08-04 00:04:04.581 [SPAM] [NetworkConnection] Keep connectivity nat mapping sending ping 
2021-08-04 00:04:09.809 [SPAM] [HTTP_API] Keep transaction handle be4ffd0 id 98
2021-08-04 00:04:09.809 [SPAM] [NetworkConnection] Keep connectivity nat mapping sending ping 
2021-08-04 00:04:15.024 [SPAM] [HTTP_API] Keep transaction handle be4ffd0 id 99
2021-08-04 00:04:15.024 [SPAM] [NetworkConnection] Keep connectivity nat mapping sending ping 
2021-08-04 00:04:20.249 [SPAM] [HTTP_API] Keep transaction handle be4ffd0 id 100
2021-08-04 00:04:20.249 [SPAM] [NetworkConnection] Keep connectivity nat mapping sending ping 
2021-08-04 00:04:25.466 [SPAM] [HTTP_API] Keep transaction handle be4ffd0 id 101
2021-08-04 00:04:25.466 [SPAM] [NetworkConnection] Keep connectivity nat mapping sending ping 
2021-08-04 00:04:30.677 [SPAM] [HTTP_API] Keep transaction handle be4ffd0 id 102
2021-08-04 00:04:30.677 [SPAM] [NetworkConnection] Keep connectivity nat mapping sending ping 
2021-08-04 00:04:35.893 [SPAM] [HTTP_API] Keep transaction handle be4ffd0 id 103
2021-08-04 00:04:35.893 [SPAM] [NetworkConnection] Keep connectivity nat mapping sending ping 
2021-08-04 00:04:41.102 [SPAM] [HTTP_API] Keep transaction handle be4ffd0 id 104
2021-08-04 00:04:41.102 [SPAM] [NetworkConnection] Keep connectivity nat mapping sending ping 
2021-08-04 00:04:46.327 [SPAM] [HTTP_API] Keep transaction handle be4ffd0 id 105
2021-08-04 00:04:46.327 [SPAM] [NetworkConnection] Keep connectivity nat mapping sending ping 
2021-08-04 00:04:51.534 [SPAM] [HTTP_API] Keep transaction handle be4ffd0 id 106
2021-08-04 00:04:51.534 [SPAM] [NetworkConnection] Keep connectivity nat mapping sending ping 
2021-08-04 00:04:56.724 [SPAM] [HTTP_API] Keep transaction handle be4ffd0 id 107
2021-08-04 00:04:56.724 [SPAM] [NetworkConnection] Keep connectivity nat mapping sending ping 
2021-08-04 00:05:01.916 [SPAM] [HTTP_API] Keep transaction handle be4ffd0 id 108
2021-08-04 00:05:01.916 [SPAM] [NetworkConnection] Keep connectivity nat mapping sending ping 
2021-08-04 00:05:07.134 [SPAM] [HTTP_API] Keep transaction handle be4ffd0 id 109
2021-08-04 00:05:07.134 [SPAM] [NetworkConnection] Keep connectivity nat mapping sending ping 
2021-08-04 00:05:12.333 [SPAM] [HTTP_API] Keep transaction handle be4ffd0 id 110
2021-08-04 00:05:12.333 [SPAM] [NetworkConnection] Keep connectivity nat mapping sending ping 
2021-08-04 00:05:17.529 [SPAM] [HTTP_API] Keep transaction handle be4ffd0 id 111
2021-08-04 00:05:17.529 [SPAM] [NetworkConnection] Keep connectivity nat mapping sending ping 
2021-08-04 00:05:22.745 [SPAM] [HTTP_API] Keep transaction handle be4ffd0 id 112
2021-08-04 00:05:22.745 [SPAM] [NetworkConnection] Keep connectivity nat mapping sending ping 
2021-08-04 00:05:27.944 [SPAM] [HTTP_API] Keep transaction handle be4ffd0 id 113
2021-08-04 00:05:27.944 [SPAM] [NetworkConnection] Keep connectivity nat mapping sending ping 
2021-08-04 00:05:33.173 [SPAM] [HTTP_API] Keep transaction handle be4ffd0 id 114
2021-08-04 00:05:33.173 [SPAM] [NetworkConnection] Keep connectivity nat mapping sending ping 
2021-08-04 00:05:38.383 [SPAM] [HTTP_API] Keep transaction handle be4ffd0 id 115
2021-08-04 00:05:38.383 [SPAM] [NetworkConnection] Keep connectivity nat mapping sending ping 
2021-08-04 00:05:43.574 [SPAM] [HTTP_API] Keep transaction handle be4ffd0 id 116
2021-08-04 00:05:43.574 [SPAM] [NetworkConnection] Keep connectivity nat mapping sending ping 
2021-08-04 00:05:48.790 [SPAM] [HTTP_API] Keep transaction handle be4ffd0 id 117
2021-08-04 00:05:48.790 [SPAM] [NetworkConnection] Keep connectivity nat mapping sending ping 
2021-08-04 00:05:53.983 [SPAM] [HTTP_API] Keep transaction handle be4ffd0 id 118
2021-08-04 00:05:53.983 [SPAM] [NetworkConnection] Keep connectivity nat mapping sending ping 
2021-08-04 00:05:59.182 [SPAM] [HTTP_API] Keep transaction handle be4ffd0 id 119
2021-08-04 00:05:59.182 [SPAM] [NetworkConnection] Keep connectivity nat mapping sending ping 
2021-08-04 00:06:04.410 [SPAM] [HTTP_API] Keep transaction handle deaca8c0 id 120
2021-08-04 00:06:04.410 [SPAM] [NetworkConnection] Keep connectivity nat mapping sending ping 
2021-08-04 00:06:09.611 [SPAM] [HTTP_API] Keep transaction handle deaca8c0 id 121
2021-08-04 00:06:09.611 [SPAM] [NetworkConnection] Keep connectivity nat mapping sending ping 
2021-08-04 00:06:14.815 [SPAM] [HTTP_API] Keep transaction handle deaca8c0 id 122
2021-08-04 00:06:14.815 [SPAM] [NetworkConnection] Keep connectivity nat mapping sending ping 
2021-08-04 00:06:20.043 [SPAM] [HTTP_API] Keep transaction handle deaca8c0 id 123
2021-08-04 00:06:20.043 [SPAM] [NetworkConnection] Keep connectivity nat mapping sending ping 
2021-08-04 00:06:25.261 [SPAM] [HTTP_API] Keep transaction handle deaca8c0 id 124
2021-08-04 00:06:25.261 [SPAM] [NetworkConnection] Keep connectivity nat mapping sending ping 
2021-08-04 00:06:30.473 [SPAM] [HTTP_API] Keep transaction handle deaca8c0 id 125
2021-08-04 00:06:30.473 [SPAM] [NetworkConnection] Keep connectivity nat mapping sending ping 
2021-08-04 00:06:35.682 [SPAM] [HTTP_API] Keep transaction handle deaca8c0 id 126
2021-08-04 00:06:35.682 [SPAM] [NetworkConnection] Keep connectivity nat mapping sending ping 
2021-08-04 00:06:40.902 [SPAM] [HTTP_API] Keep transaction handle deaca8c0 id 127
2021-08-04 00:06:40.902 [SPAM] [NetworkConnection] Keep connectivity nat mapping sending ping 
2021-08-04 00:06:46.093 [SPAM] [HTTP_API] Keep transaction handle deaca8c0 id 128
2021-08-04 00:06:46.093 [SPAM] [NetworkConnection] Keep connectivity nat mapping sending ping 
2021-08-04 00:06:51.308 [SPAM] [HTTP_API] Keep transaction handle deaca8c0 id 129
2021-08-04 00:06:51.308 [SPAM] [NetworkConnection] Keep connectivity nat mapping sending ping 
2021-08-04 00:06:56.512 [SPAM] [HTTP_API] Keep transaction handle deaca8c0 id 130
2021-08-04 00:06:56.512 [SPAM] [NetworkConnection] Keep connectivity nat mapping sending ping 
2021-08-04 00:07:01.708 [SPAM] [HTTP_API] Keep transaction handle deaca8c0 id 131
2021-08-04 00:07:01.708 [SPAM] [NetworkConnection] Keep connectivity nat mapping sending ping 
2021-08-04 00:07:06.902 [SPAM] [HTTP_API] Keep transaction handle be4ffd0 id 132
2021-08-04 00:07:06.902 [SPAM] [NetworkConnection] Keep connectivity nat mapping sending ping 
2021-08-04 00:07:12.128 [SPAM] [HTTP_API] Keep transaction handle be4ffd0 id 133
2021-08-04 00:07:12.128 [SPAM] [NetworkConnection] Keep connectivity nat mapping sending ping 
2021-08-04 00:07:17.347 [SPAM] [HTTP_API] Keep transaction handle be4ffd0 id 134
2021-08-04 00:07:17.347 [SPAM] [NetworkConnection] Keep connectivity nat mapping sending ping 
2021-08-04 00:07:22.543 [SPAM] [HTTP_API] Keep transaction handle be4ffd0 id 135
2021-08-04 00:07:22.543 [SPAM] [NetworkConnection] Keep connectivity nat mapping sending ping 
2021-08-04 00:07:27.765 [SPAM] [HTTP_API] Keep transaction handle be4ffd0 id 136
2021-08-04 00:07:27.765 [SPAM] [NetworkConnection] Keep connectivity nat mapping sending ping 
2021-08-04 00:07:32.966 [SPAM] [HTTP_API] Keep transaction handle be4ffd0 id 137
2021-08-04 00:07:32.966 [SPAM] [NetworkConnection] Keep connectivity nat mapping sending ping 
2021-08-04 00:07:38.173 [SPAM] [HTTP_API] Keep transaction handle be4ffd0 id 138
2021-08-04 00:07:38.173 [SPAM] [NetworkConnection] Keep connectivity nat mapping sending ping 
2021-08-04 00:07:43.393 [SPAM] [HTTP_API] Keep transaction handle be4ffd0 id 139
2021-08-04 00:07:43.393 [SPAM] [NetworkConnection] Keep connectivity nat mapping sending ping 
2021-08-04 00:07:48.622 [SPAM] [HTTP_API] Keep transaction handle be4ffd0 id 140
2021-08-04 00:07:48.622 [SPAM] [NetworkConnection] Keep connectivity nat mapping sending ping 
2021-08-04 00:07:51.755 [SPAM] [HTTP_API] Keep transaction handle 8a001790 id 141
2021-08-04 00:07:51.980 [DEBUG] [HTTP_API] In SSL CTX callback
2021-08-04 00:07:52.601 [SPAM] [HTTP_API] Shutdown
