[20:55:47][main.cpp:1605]: Creating application...
[20:55:47][gameapplication.cpp:1046]: Initializing application...
[20:55:48][gameapplication.cpp:1051]: Done initializing application
[20:55:48][gameapplication.cpp:1054]: Loading cursor...
[20:55:48][graphicssettings.cpp:762]: Using multisampling: 4
[20:55:48][graphics.cpp:973]: Creating device with: HARDWARE_VERTEXPROCESSING
	Fullscreen=no
	Resolution=2560x1080
[20:55:49][graphicssettings.cpp:731]: Usable res: 640 480 60
[20:55:49][graphicssettings.cpp:731]: Usable res: 640 480 75
[20:55:49][graphicssettings.cpp:731]: Usable res: 640 480 120
[20:55:49][graphicssettings.cpp:731]: Usable res: 640 480 119
[20:55:49][graphicssettings.cpp:731]: Usable res: 640 480 200
[20:55:49][graphicssettings.cpp:731]: Usable res: 640 480 144
[20:55:49][graphicssettings.cpp:731]: Usable res: 720 480 60
[20:55:49][graphicssettings.cpp:731]: Usable res: 720 480 120
[20:55:49][graphicssettings.cpp:731]: Usable res: 720 480 119
[20:55:49][graphicssettings.cpp:731]: Usable res: 720 480 200
[20:55:49][graphicssettings.cpp:731]: Usable res: 720 480 144
[20:55:49][graphicssettings.cpp:731]: Usable res: 720 576 50
[20:55:49][graphicssettings.cpp:731]: Usable res: 720 576 120
[20:55:49][graphicssettings.cpp:731]: Usable res: 720 576 119
[20:55:49][graphicssettings.cpp:731]: Usable res: 720 576 200
[20:55:49][graphicssettings.cpp:731]: Usable res: 720 576 144
[20:55:49][graphicssettings.cpp:731]: Usable res: 800 600 60
[20:55:49][graphicssettings.cpp:731]: Usable res: 800 600 75
[20:55:49][graphicssettings.cpp:731]: Usable res: 800 600 120
[20:55:49][graphicssettings.cpp:731]: Usable res: 800 600 119
[20:55:49][graphicssettings.cpp:731]: Usable res: 800 600 200
[20:55:49][graphicssettings.cpp:731]: Usable res: 800 600 144
[20:55:49][graphicssettings.cpp:731]: Usable res: 1024 768 60
[20:55:49][graphicssettings.cpp:731]: Usable res: 1024 768 75
[20:55:49][graphicssettings.cpp:731]: Usable res: 1024 768 120
[20:55:49][graphicssettings.cpp:731]: Usable res: 1024 768 119
[20:55:49][graphicssettings.cpp:731]: Usable res: 1024 768 200
[20:55:49][graphicssettings.cpp:731]: Usable res: 1024 768 144
[20:55:49][graphicssettings.cpp:731]: Usable res: 1152 864 75
[20:55:49][graphicssettings.cpp:731]: Usable res: 1152 864 120
[20:55:49][graphicssettings.cpp:731]: Usable res: 1152 864 119
[20:55:49][graphicssettings.cpp:731]: Usable res: 1152 864 200
[20:55:49][graphicssettings.cpp:731]: Usable res: 1152 864 144
[20:55:49][graphicssettings.cpp:731]: Usable res: 1176 664 50
[20:55:49][graphicssettings.cpp:731]: Usable res: 1176 664 60
[20:55:49][graphicssettings.cpp:731]: Usable res: 1280 720 60
[20:55:49][graphicssettings.cpp:731]: Usable res: 1280 720 50
[20:55:49][graphicssettings.cpp:731]: Usable res: 1280 720 120
[20:55:49][graphicssettings.cpp:731]: Usable res: 1280 720 119
[20:55:49][graphicssettings.cpp:731]: Usable res: 1280 720 200
[20:55:49][graphicssettings.cpp:731]: Usable res: 1280 720 144
[20:55:49][graphicssettings.cpp:731]: Usable res: 1280 768 60
[20:55:49][graphicssettings.cpp:731]: Usable res: 1280 768 75
[20:55:49][graphicssettings.cpp:731]: Usable res: 1280 768 120
[20:55:49][graphicssettings.cpp:731]: Usable res: 1280 768 119
[20:55:49][graphicssettings.cpp:731]: Usable res: 1280 768 200
[20:55:49][graphicssettings.cpp:731]: Usable res: 1280 768 144
[20:55:49][graphicssettings.cpp:731]: Usable res: 1280 800 60
[20:55:49][graphicssettings.cpp:731]: Usable res: 1280 800 75
[20:55:49][graphicssettings.cpp:731]: Usable res: 1280 800 120
[20:55:49][graphicssettings.cpp:731]: Usable res: 1280 800 119
[20:55:49][graphicssettings.cpp:731]: Usable res: 1280 800 200
[20:55:49][graphicssettings.cpp:731]: Usable res: 1280 800 144
[20:55:49][graphicssettings.cpp:731]: Usable res: 1280 960 60
[20:55:49][graphicssettings.cpp:731]: Usable res: 1280 960 75
[20:55:49][graphicssettings.cpp:731]: Usable res: 1280 960 120
[20:55:49][graphicssettings.cpp:731]: Usable res: 1280 960 119
[20:55:49][graphicssettings.cpp:731]: Usable res: 1280 960 200
[20:55:49][graphicssettings.cpp:731]: Usable res: 1280 960 144
[20:55:49][graphicssettings.cpp:731]: Usable res: 1280 1024 60
[20:55:49][graphicssettings.cpp:731]: Usable res: 1280 1024 75
[20:55:49][graphicssettings.cpp:731]: Usable res: 1280 1024 120
[20:55:49][graphicssettings.cpp:731]: Usable res: 1280 1024 119
[20:55:49][graphicssettings.cpp:731]: Usable res: 1280 1024 200
[20:55:49][graphicssettings.cpp:731]: Usable res: 1280 1024 144
[20:55:49][graphicssettings.cpp:731]: Usable res: 1360 768 60
[20:55:49][graphicssettings.cpp:731]: Usable res: 1360 768 120
[20:55:49][graphicssettings.cpp:731]: Usable res: 1360 768 119
[20:55:49][graphicssettings.cpp:731]: Usable res: 1360 768 200
[20:55:49][graphicssettings.cpp:731]: Usable res: 1360 768 144
[20:55:49][graphicssettings.cpp:731]: Usable res: 1366 768 60
[20:55:49][graphicssettings.cpp:731]: Usable res: 1366 768 120
[20:55:49][graphicssettings.cpp:731]: Usable res: 1366 768 119
[20:55:49][graphicssettings.cpp:731]: Usable res: 1366 768 200
[20:55:49][graphicssettings.cpp:731]: Usable res: 1366 768 144
[20:55:49][graphicssettings.cpp:731]: Usable res: 1600 900 60
[20:55:49][graphicssettings.cpp:731]: Usable res: 1600 900 120
[20:55:49][graphicssettings.cpp:731]: Usable res: 1600 900 119
[20:55:49][graphicssettings.cpp:731]: Usable res: 1600 900 200
[20:55:49][graphicssettings.cpp:731]: Usable res: 1600 900 144
[20:55:49][graphicssettings.cpp:731]: Usable res: 1600 1024 59
[20:55:49][graphicssettings.cpp:731]: Usable res: 1600 1024 120
[20:55:49][graphicssettings.cpp:731]: Usable res: 1600 1024 119
[20:55:49][graphicssettings.cpp:731]: Usable res: 1600 1024 200
[20:55:49][graphicssettings.cpp:731]: Usable res: 1600 1024 144
[20:55:49][graphicssettings.cpp:731]: Usable res: 1680 1050 59
[20:55:49][graphicssettings.cpp:731]: Usable res: 1680 1050 120
[20:55:49][graphicssettings.cpp:731]: Usable res: 1680 1050 119
[20:55:49][graphicssettings.cpp:731]: Usable res: 1680 1050 200
[20:55:49][graphicssettings.cpp:731]: Usable res: 1680 1050 144
[20:55:49][graphicssettings.cpp:731]: Usable res: 1768 992 60
[20:55:49][graphicssettings.cpp:731]: Usable res: 1768 992 50
[20:55:49][graphicssettings.cpp:731]: Usable res: 1768 992 120
[20:55:49][graphicssettings.cpp:731]: Usable res: 1768 992 119
[20:55:49][graphicssettings.cpp:731]: Usable res: 1768 992 200
[20:55:49][graphicssettings.cpp:731]: Usable res: 1768 992 144
[20:55:49][graphicssettings.cpp:731]: Usable res: 1920 1080 60
[20:55:49][graphicssettings.cpp:731]: Usable res: 1920 1080 50
[20:55:49][graphicssettings.cpp:731]: Usable res: 1920 1080 120
[20:55:49][graphicssettings.cpp:731]: Usable res: 1920 1080 119
[20:55:49][graphicssettings.cpp:731]: Usable res: 1920 1080 200
[20:55:49][graphicssettings.cpp:731]: Usable res: 1920 1080 144
[20:55:49][graphicssettings.cpp:731]: Usable res: 1440 900 60
[20:55:49][graphicssettings.cpp:731]: Usable res: 1440 900 120
[20:55:49][graphicssettings.cpp:731]: Usable res: 1440 900 119
[20:55:49][graphicssettings.cpp:731]: Usable res: 1440 900 200
[20:55:49][graphicssettings.cpp:731]: Usable res: 1440 900 144
[20:55:49][graphicssettings.cpp:731]: Usable res: 2560 1080 60
[20:55:49][graphicssettings.cpp:731]: Usable res: 2560 1080 200
[20:55:49][graphicssettings.cpp:731]: Usable res: 2560 1080 120
[20:55:49][graphicssettings.cpp:731]: Usable res: 2560 1080 144
[20:55:49][graphicssettings.cpp:731]: Usable res: 1360 765 60
[20:55:49][graphicssettings.cpp:731]: Usable res: 1360 765 120
[20:55:49][graphicssettings.cpp:731]: Usable res: 1360 765 119
[20:55:49][graphicssettings.cpp:731]: Usable res: 1360 765 200
[20:55:49][graphicssettings.cpp:731]: Usable res: 1360 765 144
[20:55:49][graphicssettings.cpp:731]: Usable res: 1280 1080 120
[20:55:49][graphicssettings.cpp:731]: Usable res: 1280 1080 119
[20:55:49][graphicssettings.cpp:731]: Usable res: 1280 1080 200
[20:55:49][graphicssettings.cpp:731]: Usable res: 1280 1080 60
[20:55:49][graphicssettings.cpp:731]: Usable res: 1280 1080 144
[20:55:49][graphics.cpp:1007]: Done creating device.
[20:56:00][gameapplication.cpp:1286]: Version: Collie v1.10.7 (c72b) build time: Jun  3 2021 13:29:58
[20:56:59][graphicssettings.cpp:762]: Using multisampling: 4
